03-May-2017 01:09:40.893 INFO [Thread-5] org.apache.coyote.AbstractProtocol.pause Pausing ProtocolHandler ["http-nio-8080"]
03-May-2017 01:09:41.025 INFO [Thread-5] org.apache.coyote.AbstractProtocol.pause Pausing ProtocolHandler ["ajp-nio-8009"]
03-May-2017 01:09:41.079 INFO [Thread-5] org.apache.catalina.core.StandardService.stopInternal Stopping service Catalina
03-May-2017 01:09:41.386 INFO [Thread-5] org.apache.coyote.AbstractProtocol.stop Stopping ProtocolHandler ["http-nio-8080"]
03-May-2017 01:09:41.401 INFO [Thread-5] org.apache.coyote.AbstractProtocol.stop Stopping ProtocolHandler ["ajp-nio-8009"]
03-May-2017 01:09:41.407 INFO [Thread-5] org.apache.coyote.AbstractProtocol.destroy Destroying ProtocolHandler ["http-nio-8080"]
03-May-2017 01:09:41.410 INFO [Thread-5] org.apache.coyote.AbstractProtocol.destroy Destroying ProtocolHandler ["ajp-nio-8009"]
03-May-2017 01:09:59.229 INFO [main] org.apache.catalina.startup.VersionLoggerListener.log Server version:        Apache Tomcat/8.5.14
03-May-2017 01:09:59.268 INFO [main] org.apache.catalina.startup.VersionLoggerListener.log Server built:          Apr 13 2017 12:55:45 UTC
03-May-2017 01:09:59.269 INFO [main] org.apache.catalina.startup.VersionLoggerListener.log Server number:         8.5.14.0
03-May-2017 01:09:59.269 INFO [main] org.apache.catalina.startup.VersionLoggerListener.log OS Name:               Linux
03-May-2017 01:09:59.270 INFO [main] org.apache.catalina.startup.VersionLoggerListener.log OS Version:            4.9.24-v7+
03-May-2017 01:09:59.271 INFO [main] org.apache.catalina.startup.VersionLoggerListener.log Architecture:          arm
03-May-2017 01:09:59.271 INFO [main] org.apache.catalina.startup.VersionLoggerListener.log Java Home:             /usr/lib/jvm/jdk-8-oracle-arm32-vfp-hflt/jre
03-May-2017 01:09:59.272 INFO [main] org.apache.catalina.startup.VersionLoggerListener.log JVM Version:           1.8.0_65-b17
03-May-2017 01:09:59.272 INFO [main] org.apache.catalina.startup.VersionLoggerListener.log JVM Vendor:            Oracle Corporation
03-May-2017 01:09:59.273 INFO [main] org.apache.catalina.startup.VersionLoggerListener.log CATALINA_BASE:         /home/pi/apache-tomcat-8.5.14
03-May-2017 01:09:59.273 INFO [main] org.apache.catalina.startup.VersionLoggerListener.log CATALINA_HOME:         /home/pi/apache-tomcat-8.5.14
03-May-2017 01:09:59.274 INFO [main] org.apache.catalina.startup.VersionLoggerListener.log Command line argument: -Djava.util.logging.config.file=/home/pi/apache-tomcat-8.5.14/conf/logging.properties
03-May-2017 01:09:59.275 INFO [main] org.apache.catalina.startup.VersionLoggerListener.log Command line argument: -Djava.util.logging.manager=org.apache.juli.ClassLoaderLogManager
03-May-2017 01:09:59.275 INFO [main] org.apache.catalina.startup.VersionLoggerListener.log Command line argument: -Djdk.tls.ephemeralDHKeySize=2048
03-May-2017 01:09:59.276 INFO [main] org.apache.catalina.startup.VersionLoggerListener.log Command line argument: -Djava.protocol.handler.pkgs=org.apache.catalina.webresources
03-May-2017 01:09:59.276 INFO [main] org.apache.catalina.startup.VersionLoggerListener.log Command line argument: -Dcatalina.base=/home/pi/apache-tomcat-8.5.14
03-May-2017 01:09:59.277 INFO [main] org.apache.catalina.startup.VersionLoggerListener.log Command line argument: -Dcatalina.home=/home/pi/apache-tomcat-8.5.14
03-May-2017 01:09:59.277 INFO [main] org.apache.catalina.startup.VersionLoggerListener.log Command line argument: -Djava.io.tmpdir=/home/pi/apache-tomcat-8.5.14/temp
03-May-2017 01:09:59.278 INFO [main] org.apache.catalina.core.AprLifecycleListener.lifecycleEvent The APR based Apache Tomcat Native library which allows optimal performance in production environments was not found on the java.library.path: /usr/java/packages/lib/arm:/lib:/usr/lib
03-May-2017 01:10:00.116 INFO [main] org.apache.coyote.AbstractProtocol.init Initializing ProtocolHandler ["http-nio-8080"]
03-May-2017 01:10:00.215 INFO [main] org.apache.tomcat.util.net.NioSelectorPool.getSharedSelector Using a shared selector for servlet write/read
03-May-2017 01:10:00.226 INFO [main] org.apache.coyote.AbstractProtocol.init Initializing ProtocolHandler ["ajp-nio-8009"]
03-May-2017 01:10:00.232 INFO [main] org.apache.tomcat.util.net.NioSelectorPool.getSharedSelector Using a shared selector for servlet write/read
03-May-2017 01:10:00.234 INFO [main] org.apache.catalina.startup.Catalina.load Initialization processed in 4766 ms
03-May-2017 01:10:00.399 INFO [main] org.apache.catalina.core.StandardService.startInternal Starting service Catalina
03-May-2017 01:10:00.400 INFO [main] org.apache.catalina.core.StandardEngine.startInternal Starting Servlet Engine: Apache Tomcat/8.5.14
03-May-2017 01:10:00.513 INFO [localhost-startStop-1] org.apache.catalina.startup.HostConfig.deployWAR Deploying web application archive /home/pi/apache-tomcat-8.5.14/webapps/sample.war
03-May-2017 01:11:12.109 INFO [localhost-startStop-1] org.apache.catalina.util.SessionIdGeneratorBase.createSecureRandom Creation of SecureRandom instance for session ID generation using [SHA1PRNG] took [69,920] milliseconds.
03-May-2017 01:11:12.214 INFO [localhost-startStop-1] org.apache.catalina.startup.HostConfig.deployWAR Deployment of web application archive /home/pi/apache-tomcat-8.5.14/webapps/sample.war has finished in 71,700 ms
03-May-2017 01:11:12.216 INFO [localhost-startStop-1] org.apache.catalina.startup.HostConfig.deployDirectory Deploying web application directory /home/pi/apache-tomcat-8.5.14/webapps/docs
03-May-2017 01:11:12.288 INFO [localhost-startStop-1] org.apache.catalina.startup.HostConfig.deployDirectory Deployment of web application directory /home/pi/apache-tomcat-8.5.14/webapps/docs has finished in 72 ms
03-May-2017 01:11:12.289 INFO [localhost-startStop-1] org.apache.catalina.startup.HostConfig.deployDirectory Deploying web application directory /home/pi/apache-tomcat-8.5.14/webapps/examples
03-May-2017 01:11:13.215 INFO [localhost-startStop-1] org.apache.catalina.startup.HostConfig.deployDirectory Deployment of web application directory /home/pi/apache-tomcat-8.5.14/webapps/examples has finished in 926 ms
03-May-2017 01:11:13.216 INFO [localhost-startStop-1] org.apache.catalina.startup.HostConfig.deployDirectory Deploying web application directory /home/pi/apache-tomcat-8.5.14/webapps/manager
03-May-2017 01:11:13.319 INFO [localhost-startStop-1] org.apache.catalina.startup.HostConfig.deployDirectory Deployment of web application directory /home/pi/apache-tomcat-8.5.14/webapps/manager has finished in 103 ms
03-May-2017 01:11:13.320 INFO [localhost-startStop-1] org.apache.catalina.startup.HostConfig.deployDirectory Deploying web application directory /home/pi/apache-tomcat-8.5.14/webapps/ROOT
03-May-2017 01:11:13.382 INFO [localhost-startStop-1] org.apache.catalina.startup.HostConfig.deployDirectory Deployment of web application directory /home/pi/apache-tomcat-8.5.14/webapps/ROOT has finished in 61 ms
03-May-2017 01:11:13.383 INFO [localhost-startStop-1] org.apache.catalina.startup.HostConfig.deployDirectory Deploying web application directory /home/pi/apache-tomcat-8.5.14/webapps/host-manager
03-May-2017 01:11:13.450 INFO [localhost-startStop-1] org.apache.catalina.startup.HostConfig.deployDirectory Deployment of web application directory /home/pi/apache-tomcat-8.5.14/webapps/host-manager has finished in 68 ms
03-May-2017 01:11:13.463 INFO [main] org.apache.coyote.AbstractProtocol.start Starting ProtocolHandler ["http-nio-8080"]
03-May-2017 01:11:13.491 INFO [main] org.apache.coyote.AbstractProtocol.start Starting ProtocolHandler ["ajp-nio-8009"]
03-May-2017 01:11:13.495 INFO [main] org.apache.catalina.startup.Catalina.start Server startup in 64103 ms
03-May-2017 01:14:08.449 INFO [Thread-5] org.apache.coyote.AbstractProtocol.pause Pausing ProtocolHandler ["http-nio-8080"]
03-May-2017 01:14:08.551 INFO [Thread-5] org.apache.coyote.AbstractProtocol.pause Pausing ProtocolHandler ["ajp-nio-8009"]
03-May-2017 01:14:08.611 INFO [Thread-5] org.apache.catalina.core.StandardService.stopInternal Stopping service Catalina
03-May-2017 01:14:08.893 INFO [Thread-5] org.apache.coyote.AbstractProtocol.stop Stopping ProtocolHandler ["http-nio-8080"]
03-May-2017 01:14:08.903 INFO [Thread-5] org.apache.coyote.AbstractProtocol.stop Stopping ProtocolHandler ["ajp-nio-8009"]
03-May-2017 01:14:08.909 INFO [Thread-5] org.apache.coyote.AbstractProtocol.destroy Destroying ProtocolHandler ["http-nio-8080"]
03-May-2017 01:14:08.912 INFO [Thread-5] org.apache.coyote.AbstractProtocol.destroy Destroying ProtocolHandler ["ajp-nio-8009"]
03-May-2017 01:14:26.131 INFO [main] org.apache.catalina.startup.VersionLoggerListener.log Server version:        Apache Tomcat/8.5.14
03-May-2017 01:14:26.163 INFO [main] org.apache.catalina.startup.VersionLoggerListener.log Server built:          Apr 13 2017 12:55:45 UTC
03-May-2017 01:14:26.164 INFO [main] org.apache.catalina.startup.VersionLoggerListener.log Server number:         8.5.14.0
03-May-2017 01:14:26.164 INFO [main] org.apache.catalina.startup.VersionLoggerListener.log OS Name:               Linux
03-May-2017 01:14:26.165 INFO [main] org.apache.catalina.startup.VersionLoggerListener.log OS Version:            4.9.24-v7+
03-May-2017 01:14:26.165 INFO [main] org.apache.catalina.startup.VersionLoggerListener.log Architecture:          arm
03-May-2017 01:14:26.166 INFO [main] org.apache.catalina.startup.VersionLoggerListener.log Java Home:             /usr/lib/jvm/jdk-8-oracle-arm32-vfp-hflt/jre
03-May-2017 01:14:26.166 INFO [main] org.apache.catalina.startup.VersionLoggerListener.log JVM Version:           1.8.0_65-b17
03-May-2017 01:14:26.167 INFO [main] org.apache.catalina.startup.VersionLoggerListener.log JVM Vendor:            Oracle Corporation
03-May-2017 01:14:26.167 INFO [main] org.apache.catalina.startup.VersionLoggerListener.log CATALINA_BASE:         /home/pi/apache-tomcat-8.5.14
03-May-2017 01:14:26.168 INFO [main] org.apache.catalina.startup.VersionLoggerListener.log CATALINA_HOME:         /home/pi/apache-tomcat-8.5.14
03-May-2017 01:14:26.169 INFO [main] org.apache.catalina.startup.VersionLoggerListener.log Command line argument: -Djava.util.logging.config.file=/home/pi/apache-tomcat-8.5.14/conf/logging.properties
03-May-2017 01:14:26.170 INFO [main] org.apache.catalina.startup.VersionLoggerListener.log Command line argument: -Djava.util.logging.manager=org.apache.juli.ClassLoaderLogManager
03-May-2017 01:14:26.170 INFO [main] org.apache.catalina.startup.VersionLoggerListener.log Command line argument: -Djdk.tls.ephemeralDHKeySize=2048
03-May-2017 01:14:26.171 INFO [main] org.apache.catalina.startup.VersionLoggerListener.log Command line argument: -Djava.protocol.handler.pkgs=org.apache.catalina.webresources
03-May-2017 01:14:26.172 INFO [main] org.apache.catalina.startup.VersionLoggerListener.log Command line argument: -Dcatalina.base=/home/pi/apache-tomcat-8.5.14
03-May-2017 01:14:26.172 INFO [main] org.apache.catalina.startup.VersionLoggerListener.log Command line argument: -Dcatalina.home=/home/pi/apache-tomcat-8.5.14
03-May-2017 01:14:26.173 INFO [main] org.apache.catalina.startup.VersionLoggerListener.log Command line argument: -Djava.io.tmpdir=/home/pi/apache-tomcat-8.5.14/temp
03-May-2017 01:14:26.173 INFO [main] org.apache.catalina.core.AprLifecycleListener.lifecycleEvent The APR based Apache Tomcat Native library which allows optimal performance in production environments was not found on the java.library.path: /usr/java/packages/lib/arm:/lib:/usr/lib
03-May-2017 01:14:27.029 INFO [main] org.apache.coyote.AbstractProtocol.init Initializing ProtocolHandler ["http-nio-8080"]
03-May-2017 01:14:27.124 INFO [main] org.apache.tomcat.util.net.NioSelectorPool.getSharedSelector Using a shared selector for servlet write/read
03-May-2017 01:14:27.135 INFO [main] org.apache.coyote.AbstractProtocol.init Initializing ProtocolHandler ["ajp-nio-8009"]
03-May-2017 01:14:27.141 INFO [main] org.apache.tomcat.util.net.NioSelectorPool.getSharedSelector Using a shared selector for servlet write/read
03-May-2017 01:14:27.143 INFO [main] org.apache.catalina.startup.Catalina.load Initialization processed in 4715 ms
03-May-2017 01:14:27.300 INFO [main] org.apache.catalina.core.StandardService.startInternal Starting service Catalina
03-May-2017 01:14:27.301 INFO [main] org.apache.catalina.core.StandardEngine.startInternal Starting Servlet Engine: Apache Tomcat/8.5.14
03-May-2017 01:14:27.410 INFO [localhost-startStop-1] org.apache.catalina.startup.HostConfig.deployWAR Deploying web application archive /home/pi/apache-tomcat-8.5.14/webapps/sample.war
03-May-2017 01:15:48.909 INFO [localhost-startStop-1] org.apache.catalina.util.SessionIdGeneratorBase.createSecureRandom Creation of SecureRandom instance for session ID generation using [SHA1PRNG] took [79,858] milliseconds.
03-May-2017 01:15:49.027 INFO [localhost-startStop-1] org.apache.catalina.startup.HostConfig.deployWAR Deployment of web application archive /home/pi/apache-tomcat-8.5.14/webapps/sample.war has finished in 81,618 ms
03-May-2017 01:15:49.030 INFO [localhost-startStop-1] org.apache.catalina.startup.HostConfig.deployDirectory Deploying web application directory /home/pi/apache-tomcat-8.5.14/webapps/docs
03-May-2017 01:15:49.104 INFO [localhost-startStop-1] org.apache.catalina.startup.HostConfig.deployDirectory Deployment of web application directory /home/pi/apache-tomcat-8.5.14/webapps/docs has finished in 74 ms
03-May-2017 01:15:49.105 INFO [localhost-startStop-1] org.apache.catalina.startup.HostConfig.deployDirectory Deploying web application directory /home/pi/apache-tomcat-8.5.14/webapps/examples
03-May-2017 01:15:50.082 INFO [localhost-startStop-1] org.apache.catalina.startup.HostConfig.deployDirectory Deployment of web application directory /home/pi/apache-tomcat-8.5.14/webapps/examples has finished in 976 ms
03-May-2017 01:15:50.082 INFO [localhost-startStop-1] org.apache.catalina.startup.HostConfig.deployDirectory Deploying web application directory /home/pi/apache-tomcat-8.5.14/webapps/manager
03-May-2017 01:15:50.186 INFO [localhost-startStop-1] org.apache.catalina.startup.HostConfig.deployDirectory Deployment of web application directory /home/pi/apache-tomcat-8.5.14/webapps/manager has finished in 104 ms
03-May-2017 01:15:50.187 INFO [localhost-startStop-1] org.apache.catalina.startup.HostConfig.deployDirectory Deploying web application directory /home/pi/apache-tomcat-8.5.14/webapps/ROOT
03-May-2017 01:15:50.247 INFO [localhost-startStop-1] org.apache.catalina.startup.HostConfig.deployDirectory Deployment of web application directory /home/pi/apache-tomcat-8.5.14/webapps/ROOT has finished in 60 ms
03-May-2017 01:15:50.248 INFO [localhost-startStop-1] org.apache.catalina.startup.HostConfig.deployDirectory Deploying web application directory /home/pi/apache-tomcat-8.5.14/webapps/host-manager
03-May-2017 01:15:50.316 INFO [localhost-startStop-1] org.apache.catalina.startup.HostConfig.deployDirectory Deployment of web application directory /home/pi/apache-tomcat-8.5.14/webapps/host-manager has finished in 68 ms
03-May-2017 01:15:50.330 INFO [main] org.apache.coyote.AbstractProtocol.start Starting ProtocolHandler ["http-nio-8080"]
03-May-2017 01:15:50.357 INFO [main] org.apache.coyote.AbstractProtocol.start Starting ProtocolHandler ["ajp-nio-8009"]
03-May-2017 01:15:50.361 INFO [main] org.apache.catalina.startup.Catalina.start Server startup in 74513 ms
03-May-2017 01:23:33.843 INFO [Thread-5] org.apache.coyote.AbstractProtocol.pause Pausing ProtocolHandler ["http-nio-8080"]
03-May-2017 01:23:33.965 INFO [Thread-5] org.apache.coyote.AbstractProtocol.pause Pausing ProtocolHandler ["ajp-nio-8009"]
03-May-2017 01:23:34.020 INFO [Thread-5] org.apache.catalina.core.StandardService.stopInternal Stopping service Catalina
03-May-2017 01:23:34.337 INFO [Thread-5] org.apache.coyote.AbstractProtocol.stop Stopping ProtocolHandler ["http-nio-8080"]
03-May-2017 01:23:34.356 INFO [Thread-5] org.apache.coyote.AbstractProtocol.stop Stopping ProtocolHandler ["ajp-nio-8009"]
03-May-2017 01:23:34.372 INFO [Thread-5] org.apache.coyote.AbstractProtocol.destroy Destroying ProtocolHandler ["http-nio-8080"]
03-May-2017 01:23:34.375 INFO [Thread-5] org.apache.coyote.AbstractProtocol.destroy Destroying ProtocolHandler ["ajp-nio-8009"]
03-May-2017 01:23:50.987 INFO [main] org.apache.catalina.startup.VersionLoggerListener.log Server version:        Apache Tomcat/8.5.14
03-May-2017 01:23:51.029 INFO [main] org.apache.catalina.startup.VersionLoggerListener.log Server built:          Apr 13 2017 12:55:45 UTC
03-May-2017 01:23:51.030 INFO [main] org.apache.catalina.startup.VersionLoggerListener.log Server number:         8.5.14.0
03-May-2017 01:23:51.031 INFO [main] org.apache.catalina.startup.VersionLoggerListener.log OS Name:               Linux
03-May-2017 01:23:51.031 INFO [main] org.apache.catalina.startup.VersionLoggerListener.log OS Version:            4.9.24-v7+
03-May-2017 01:23:51.032 INFO [main] org.apache.catalina.startup.VersionLoggerListener.log Architecture:          arm
03-May-2017 01:23:51.032 INFO [main] org.apache.catalina.startup.VersionLoggerListener.log Java Home:             /usr/lib/jvm/jdk-8-oracle-arm32-vfp-hflt/jre
03-May-2017 01:23:51.033 INFO [main] org.apache.catalina.startup.VersionLoggerListener.log JVM Version:           1.8.0_65-b17
03-May-2017 01:23:51.034 INFO [main] org.apache.catalina.startup.VersionLoggerListener.log JVM Vendor:            Oracle Corporation
03-May-2017 01:23:51.034 INFO [main] org.apache.catalina.startup.VersionLoggerListener.log CATALINA_BASE:         /home/pi/apache-tomcat-8.5.14
03-May-2017 01:23:51.035 INFO [main] org.apache.catalina.startup.VersionLoggerListener.log CATALINA_HOME:         /home/pi/apache-tomcat-8.5.14
03-May-2017 01:23:51.036 INFO [main] org.apache.catalina.startup.VersionLoggerListener.log Command line argument: -Djava.util.logging.config.file=/home/pi/apache-tomcat-8.5.14/conf/logging.properties
03-May-2017 01:23:51.037 INFO [main] org.apache.catalina.startup.VersionLoggerListener.log Command line argument: -Djava.util.logging.manager=org.apache.juli.ClassLoaderLogManager
03-May-2017 01:23:51.038 INFO [main] org.apache.catalina.startup.VersionLoggerListener.log Command line argument: -Djdk.tls.ephemeralDHKeySize=2048
03-May-2017 01:23:51.038 INFO [main] org.apache.catalina.startup.VersionLoggerListener.log Command line argument: -Djava.protocol.handler.pkgs=org.apache.catalina.webresources
03-May-2017 01:23:51.039 INFO [main] org.apache.catalina.startup.VersionLoggerListener.log Command line argument: -Dcatalina.base=/home/pi/apache-tomcat-8.5.14
03-May-2017 01:23:51.040 INFO [main] org.apache.catalina.startup.VersionLoggerListener.log Command line argument: -Dcatalina.home=/home/pi/apache-tomcat-8.5.14
03-May-2017 01:23:51.041 INFO [main] org.apache.catalina.startup.VersionLoggerListener.log Command line argument: -Djava.io.tmpdir=/home/pi/apache-tomcat-8.5.14/temp
03-May-2017 01:23:51.041 INFO [main] org.apache.catalina.core.AprLifecycleListener.lifecycleEvent The APR based Apache Tomcat Native library which allows optimal performance in production environments was not found on the java.library.path: /usr/java/packages/lib/arm:/lib:/usr/lib
03-May-2017 01:23:52.123 INFO [main] org.apache.coyote.AbstractProtocol.init Initializing ProtocolHandler ["http-nio-8080"]
03-May-2017 01:23:52.221 INFO [main] org.apache.tomcat.util.net.NioSelectorPool.getSharedSelector Using a shared selector for servlet write/read
03-May-2017 01:23:52.232 INFO [main] org.apache.coyote.AbstractProtocol.init Initializing ProtocolHandler ["ajp-nio-8009"]
03-May-2017 01:23:52.241 INFO [main] org.apache.tomcat.util.net.NioSelectorPool.getSharedSelector Using a shared selector for servlet write/read
03-May-2017 01:23:52.242 INFO [main] org.apache.catalina.startup.Catalina.load Initialization processed in 4807 ms
03-May-2017 01:23:52.403 INFO [main] org.apache.catalina.core.StandardService.startInternal Starting service Catalina
03-May-2017 01:23:52.404 INFO [main] org.apache.catalina.core.StandardEngine.startInternal Starting Servlet Engine: Apache Tomcat/8.5.14
03-May-2017 01:23:52.516 INFO [localhost-startStop-1] org.apache.catalina.startup.HostConfig.deployWAR Deploying web application archive /home/pi/apache-tomcat-8.5.14/webapps/sample.war
03-May-2017 01:24:19.370 INFO [localhost-startStop-1] org.apache.catalina.util.SessionIdGeneratorBase.createSecureRandom Creation of SecureRandom instance for session ID generation using [SHA1PRNG] took [25,273] milliseconds.
03-May-2017 01:24:19.446 INFO [localhost-startStop-1] org.apache.catalina.startup.HostConfig.deployWAR Deployment of web application archive /home/pi/apache-tomcat-8.5.14/webapps/sample.war has finished in 26,930 ms
03-May-2017 01:24:19.448 INFO [localhost-startStop-1] org.apache.catalina.startup.HostConfig.deployDirectory Deploying web application directory /home/pi/apache-tomcat-8.5.14/webapps/docs
03-May-2017 01:24:19.521 INFO [localhost-startStop-1] org.apache.catalina.startup.HostConfig.deployDirectory Deployment of web application directory /home/pi/apache-tomcat-8.5.14/webapps/docs has finished in 72 ms
03-May-2017 01:24:19.521 INFO [localhost-startStop-1] org.apache.catalina.startup.HostConfig.deployDirectory Deploying web application directory /home/pi/apache-tomcat-8.5.14/webapps/examples
03-May-2017 01:24:20.532 INFO [localhost-startStop-1] org.apache.catalina.startup.HostConfig.deployDirectory Deployment of web application directory /home/pi/apache-tomcat-8.5.14/webapps/examples has finished in 1,011 ms
03-May-2017 01:24:20.533 INFO [localhost-startStop-1] org.apache.catalina.startup.HostConfig.deployDirectory Deploying web application directory /home/pi/apache-tomcat-8.5.14/webapps/manager
03-May-2017 01:24:20.637 INFO [localhost-startStop-1] org.apache.catalina.startup.HostConfig.deployDirectory Deployment of web application directory /home/pi/apache-tomcat-8.5.14/webapps/manager has finished in 103 ms
03-May-2017 01:24:20.637 INFO [localhost-startStop-1] org.apache.catalina.startup.HostConfig.deployDirectory Deploying web application directory /home/pi/apache-tomcat-8.5.14/webapps/ROOT
03-May-2017 01:24:20.700 INFO [localhost-startStop-1] org.apache.catalina.startup.HostConfig.deployDirectory Deployment of web application directory /home/pi/apache-tomcat-8.5.14/webapps/ROOT has finished in 62 ms
03-May-2017 01:24:20.700 INFO [localhost-startStop-1] org.apache.catalina.startup.HostConfig.deployDirectory Deploying web application directory /home/pi/apache-tomcat-8.5.14/webapps/host-manager
03-May-2017 01:24:20.787 INFO [localhost-startStop-1] org.apache.catalina.startup.HostConfig.deployDirectory Deployment of web application directory /home/pi/apache-tomcat-8.5.14/webapps/host-manager has finished in 87 ms
03-May-2017 01:24:20.800 INFO [main] org.apache.coyote.AbstractProtocol.start Starting ProtocolHandler ["http-nio-8080"]
03-May-2017 01:24:20.830 INFO [main] org.apache.coyote.AbstractProtocol.start Starting ProtocolHandler ["ajp-nio-8009"]
03-May-2017 01:24:20.835 INFO [main] org.apache.catalina.startup.Catalina.start Server startup in 19504 ms
03-May-2017 01:25:53.867 INFO [Thread-5] org.apache.coyote.AbstractProtocol.pause Pausing ProtocolHandler ["http-nio-8080"]
03-May-2017 01:25:54.015 INFO [Thread-5] org.apache.coyote.AbstractProtocol.pause Pausing ProtocolHandler ["ajp-nio-8009"]
03-May-2017 01:25:54.020 INFO [Thread-5] org.apache.catalina.core.StandardService.stopInternal Stopping service Catalina
03-May-2017 01:25:54.294 INFO [Thread-5] org.apache.coyote.AbstractProtocol.stop Stopping ProtocolHandler ["http-nio-8080"]
03-May-2017 01:25:54.301 INFO [Thread-5] org.apache.coyote.AbstractProtocol.stop Stopping ProtocolHandler ["ajp-nio-8009"]
03-May-2017 01:25:54.308 INFO [Thread-5] org.apache.coyote.AbstractProtocol.destroy Destroying ProtocolHandler ["http-nio-8080"]
03-May-2017 01:25:54.311 INFO [Thread-5] org.apache.coyote.AbstractProtocol.destroy Destroying ProtocolHandler ["ajp-nio-8009"]
03-May-2017 01:26:11.682 INFO [main] org.apache.catalina.startup.VersionLoggerListener.log Server version:        Apache Tomcat/8.5.14
03-May-2017 01:26:11.731 INFO [main] org.apache.catalina.startup.VersionLoggerListener.log Server built:          Apr 13 2017 12:55:45 UTC
03-May-2017 01:26:11.732 INFO [main] org.apache.catalina.startup.VersionLoggerListener.log Server number:         8.5.14.0
03-May-2017 01:26:11.733 INFO [main] org.apache.catalina.startup.VersionLoggerListener.log OS Name:               Linux
03-May-2017 01:26:11.735 INFO [main] org.apache.catalina.startup.VersionLoggerListener.log OS Version:            4.9.24-v7+
03-May-2017 01:26:11.736 INFO [main] org.apache.catalina.startup.VersionLoggerListener.log Architecture:          arm
03-May-2017 01:26:11.737 INFO [main] org.apache.catalina.startup.VersionLoggerListener.log Java Home:             /usr/lib/jvm/jdk-8-oracle-arm32-vfp-hflt/jre
03-May-2017 01:26:11.739 INFO [main] org.apache.catalina.startup.VersionLoggerListener.log JVM Version:           1.8.0_65-b17
03-May-2017 01:26:11.740 INFO [main] org.apache.catalina.startup.VersionLoggerListener.log JVM Vendor:            Oracle Corporation
03-May-2017 01:26:11.741 INFO [main] org.apache.catalina.startup.VersionLoggerListener.log CATALINA_BASE:         /home/pi/apache-tomcat-8.5.14
03-May-2017 01:26:11.743 INFO [main] org.apache.catalina.startup.VersionLoggerListener.log CATALINA_HOME:         /home/pi/apache-tomcat-8.5.14
03-May-2017 01:26:11.746 INFO [main] org.apache.catalina.startup.VersionLoggerListener.log Command line argument: -Djava.util.logging.config.file=/home/pi/apache-tomcat-8.5.14/conf/logging.properties
03-May-2017 01:26:11.748 INFO [main] org.apache.catalina.startup.VersionLoggerListener.log Command line argument: -Djava.util.logging.manager=org.apache.juli.ClassLoaderLogManager
03-May-2017 01:26:11.750 INFO [main] org.apache.catalina.startup.VersionLoggerListener.log Command line argument: -Djdk.tls.ephemeralDHKeySize=2048
03-May-2017 01:26:11.751 INFO [main] org.apache.catalina.startup.VersionLoggerListener.log Command line argument: -Djava.protocol.handler.pkgs=org.apache.catalina.webresources
03-May-2017 01:26:11.753 INFO [main] org.apache.catalina.startup.VersionLoggerListener.log Command line argument: -Dcatalina.base=/home/pi/apache-tomcat-8.5.14
03-May-2017 01:26:11.755 INFO [main] org.apache.catalina.startup.VersionLoggerListener.log Command line argument: -Dcatalina.home=/home/pi/apache-tomcat-8.5.14
03-May-2017 01:26:11.756 INFO [main] org.apache.catalina.startup.VersionLoggerListener.log Command line argument: -Djava.io.tmpdir=/home/pi/apache-tomcat-8.5.14/temp
03-May-2017 01:26:11.759 INFO [main] org.apache.catalina.core.AprLifecycleListener.lifecycleEvent The APR based Apache Tomcat Native library which allows optimal performance in production environments was not found on the java.library.path: /usr/java/packages/lib/arm:/lib:/usr/lib
03-May-2017 01:26:12.827 INFO [main] org.apache.coyote.AbstractProtocol.init Initializing ProtocolHandler ["http-nio-8080"]
03-May-2017 01:26:12.943 INFO [main] org.apache.tomcat.util.net.NioSelectorPool.getSharedSelector Using a shared selector for servlet write/read
03-May-2017 01:26:12.955 INFO [main] org.apache.coyote.AbstractProtocol.init Initializing ProtocolHandler ["ajp-nio-8009"]
03-May-2017 01:26:12.960 INFO [main] org.apache.tomcat.util.net.NioSelectorPool.getSharedSelector Using a shared selector for servlet write/read
03-May-2017 01:26:12.962 INFO [main] org.apache.catalina.startup.Catalina.load Initialization processed in 4804 ms
03-May-2017 01:26:13.121 INFO [main] org.apache.catalina.core.StandardService.startInternal Starting service Catalina
03-May-2017 01:26:13.122 INFO [main] org.apache.catalina.core.StandardEngine.startInternal Starting Servlet Engine: Apache Tomcat/8.5.14
03-May-2017 01:26:13.257 INFO [localhost-startStop-1] org.apache.catalina.startup.HostConfig.deployWAR Deploying web application archive /home/pi/apache-tomcat-8.5.14/webapps/sample.war
03-May-2017 01:26:40.910 INFO [localhost-startStop-1] org.apache.catalina.util.SessionIdGeneratorBase.createSecureRandom Creation of SecureRandom instance for session ID generation using [SHA1PRNG] took [26,023] milliseconds.
03-May-2017 01:26:41.023 INFO [localhost-startStop-1] org.apache.catalina.startup.HostConfig.deployWAR Deployment of web application archive /home/pi/apache-tomcat-8.5.14/webapps/sample.war has finished in 27,765 ms
03-May-2017 01:26:41.026 INFO [localhost-startStop-1] org.apache.catalina.startup.HostConfig.deployDirectory Deploying web application directory /home/pi/apache-tomcat-8.5.14/webapps/docs
03-May-2017 01:26:41.098 INFO [localhost-startStop-1] org.apache.catalina.startup.HostConfig.deployDirectory Deployment of web application directory /home/pi/apache-tomcat-8.5.14/webapps/docs has finished in 72 ms
03-May-2017 01:26:41.098 INFO [localhost-startStop-1] org.apache.catalina.startup.HostConfig.deployDirectory Deploying web application directory /home/pi/apache-tomcat-8.5.14/webapps/examples
03-May-2017 01:26:42.022 INFO [localhost-startStop-1] org.apache.catalina.startup.HostConfig.deployDirectory Deployment of web application directory /home/pi/apache-tomcat-8.5.14/webapps/examples has finished in 924 ms
03-May-2017 01:26:42.024 INFO [localhost-startStop-1] org.apache.catalina.startup.HostConfig.deployDirectory Deploying web application directory /home/pi/apache-tomcat-8.5.14/webapps/manager
03-May-2017 01:26:42.129 INFO [localhost-startStop-1] org.apache.catalina.startup.HostConfig.deployDirectory Deployment of web application directory /home/pi/apache-tomcat-8.5.14/webapps/manager has finished in 104 ms
03-May-2017 01:26:42.130 INFO [localhost-startStop-1] org.apache.catalina.startup.HostConfig.deployDirectory Deploying web application directory /home/pi/apache-tomcat-8.5.14/webapps/ROOT
03-May-2017 01:26:42.193 INFO [localhost-startStop-1] org.apache.catalina.startup.HostConfig.deployDirectory Deployment of web application directory /home/pi/apache-tomcat-8.5.14/webapps/ROOT has finished in 63 ms
03-May-2017 01:26:42.194 INFO [localhost-startStop-1] org.apache.catalina.startup.HostConfig.deployDirectory Deploying web application directory /home/pi/apache-tomcat-8.5.14/webapps/host-manager
03-May-2017 01:26:42.261 INFO [localhost-startStop-1] org.apache.catalina.startup.HostConfig.deployDirectory Deployment of web application directory /home/pi/apache-tomcat-8.5.14/webapps/host-manager has finished in 68 ms
03-May-2017 01:26:42.275 INFO [main] org.apache.coyote.AbstractProtocol.start Starting ProtocolHandler ["http-nio-8080"]
03-May-2017 01:26:42.304 INFO [main] org.apache.coyote.AbstractProtocol.start Starting ProtocolHandler ["ajp-nio-8009"]
03-May-2017 01:26:42.308 INFO [main] org.apache.catalina.startup.Catalina.start Server startup in 20198 ms
03-May-2017 01:34:15.296 INFO [Thread-5] org.apache.coyote.AbstractProtocol.pause Pausing ProtocolHandler ["http-nio-8080"]
03-May-2017 01:34:15.432 INFO [Thread-5] org.apache.coyote.AbstractProtocol.pause Pausing ProtocolHandler ["ajp-nio-8009"]
03-May-2017 01:34:15.492 INFO [Thread-5] org.apache.catalina.core.StandardService.stopInternal Stopping service Catalina
03-May-2017 01:34:15.797 INFO [Thread-5] org.apache.coyote.AbstractProtocol.stop Stopping ProtocolHandler ["http-nio-8080"]
03-May-2017 01:34:15.807 INFO [Thread-5] org.apache.coyote.AbstractProtocol.stop Stopping ProtocolHandler ["ajp-nio-8009"]
03-May-2017 01:34:15.815 INFO [Thread-5] org.apache.coyote.AbstractProtocol.destroy Destroying ProtocolHandler ["http-nio-8080"]
03-May-2017 01:34:15.818 INFO [Thread-5] org.apache.coyote.AbstractProtocol.destroy Destroying ProtocolHandler ["ajp-nio-8009"]
03-May-2017 01:34:34.038 INFO [main] org.apache.catalina.startup.VersionLoggerListener.log Server version:        Apache Tomcat/8.5.14
03-May-2017 01:34:34.069 INFO [main] org.apache.catalina.startup.VersionLoggerListener.log Server built:          Apr 13 2017 12:55:45 UTC
03-May-2017 01:34:34.070 INFO [main] org.apache.catalina.startup.VersionLoggerListener.log Server number:         8.5.14.0
03-May-2017 01:34:34.071 INFO [main] org.apache.catalina.startup.VersionLoggerListener.log OS Name:               Linux
03-May-2017 01:34:34.072 INFO [main] org.apache.catalina.startup.VersionLoggerListener.log OS Version:            4.9.24-v7+
03-May-2017 01:34:34.072 INFO [main] org.apache.catalina.startup.VersionLoggerListener.log Architecture:          arm
03-May-2017 01:34:34.072 INFO [main] org.apache.catalina.startup.VersionLoggerListener.log Java Home:             /usr/lib/jvm/jdk-8-oracle-arm32-vfp-hflt/jre
03-May-2017 01:34:34.073 INFO [main] org.apache.catalina.startup.VersionLoggerListener.log JVM Version:           1.8.0_65-b17
03-May-2017 01:34:34.073 INFO [main] org.apache.catalina.startup.VersionLoggerListener.log JVM Vendor:            Oracle Corporation
03-May-2017 01:34:34.074 INFO [main] org.apache.catalina.startup.VersionLoggerListener.log CATALINA_BASE:         /home/pi/apache-tomcat-8.5.14
03-May-2017 01:34:34.074 INFO [main] org.apache.catalina.startup.VersionLoggerListener.log CATALINA_HOME:         /home/pi/apache-tomcat-8.5.14
03-May-2017 01:34:34.076 INFO [main] org.apache.catalina.startup.VersionLoggerListener.log Command line argument: -Djava.util.logging.config.file=/home/pi/apache-tomcat-8.5.14/conf/logging.properties
03-May-2017 01:34:34.076 INFO [main] org.apache.catalina.startup.VersionLoggerListener.log Command line argument: -Djava.util.logging.manager=org.apache.juli.ClassLoaderLogManager
03-May-2017 01:34:34.077 INFO [main] org.apache.catalina.startup.VersionLoggerListener.log Command line argument: -Djdk.tls.ephemeralDHKeySize=2048
03-May-2017 01:34:34.077 INFO [main] org.apache.catalina.startup.VersionLoggerListener.log Command line argument: -Djava.protocol.handler.pkgs=org.apache.catalina.webresources
03-May-2017 01:34:34.078 INFO [main] org.apache.catalina.startup.VersionLoggerListener.log Command line argument: -Dcatalina.base=/home/pi/apache-tomcat-8.5.14
03-May-2017 01:34:34.078 INFO [main] org.apache.catalina.startup.VersionLoggerListener.log Command line argument: -Dcatalina.home=/home/pi/apache-tomcat-8.5.14
03-May-2017 01:34:34.079 INFO [main] org.apache.catalina.startup.VersionLoggerListener.log Command line argument: -Djava.io.tmpdir=/home/pi/apache-tomcat-8.5.14/temp
03-May-2017 01:34:34.079 INFO [main] org.apache.catalina.core.AprLifecycleListener.lifecycleEvent The APR based Apache Tomcat Native library which allows optimal performance in production environments was not found on the java.library.path: /usr/java/packages/lib/arm:/lib:/usr/lib
03-May-2017 01:34:34.912 INFO [main] org.apache.coyote.AbstractProtocol.init Initializing ProtocolHandler ["http-nio-8080"]
03-May-2017 01:34:35.011 INFO [main] org.apache.tomcat.util.net.NioSelectorPool.getSharedSelector Using a shared selector for servlet write/read
03-May-2017 01:34:35.022 INFO [main] org.apache.coyote.AbstractProtocol.init Initializing ProtocolHandler ["ajp-nio-8009"]
03-May-2017 01:34:35.029 INFO [main] org.apache.tomcat.util.net.NioSelectorPool.getSharedSelector Using a shared selector for servlet write/read
03-May-2017 01:34:35.030 INFO [main] org.apache.catalina.startup.Catalina.load Initialization processed in 4778 ms
03-May-2017 01:34:35.187 INFO [main] org.apache.catalina.core.StandardService.startInternal Starting service Catalina
03-May-2017 01:34:35.187 INFO [main] org.apache.catalina.core.StandardEngine.startInternal Starting Servlet Engine: Apache Tomcat/8.5.14
03-May-2017 01:34:35.295 INFO [localhost-startStop-1] org.apache.catalina.startup.HostConfig.deployWAR Deploying web application archive /home/pi/apache-tomcat-8.5.14/webapps/sample.war
03-May-2017 01:34:52.063 INFO [localhost-startStop-1] org.apache.catalina.util.SessionIdGeneratorBase.createSecureRandom Creation of SecureRandom instance for session ID generation using [SHA1PRNG] took [15,146] milliseconds.
03-May-2017 01:34:52.198 INFO [localhost-startStop-1] org.apache.catalina.startup.HostConfig.deployWAR Deployment of web application archive /home/pi/apache-tomcat-8.5.14/webapps/sample.war has finished in 16,903 ms
03-May-2017 01:34:52.203 INFO [localhost-startStop-1] org.apache.catalina.startup.HostConfig.deployDirectory Deploying web application directory /home/pi/apache-tomcat-8.5.14/webapps/docs
03-May-2017 01:34:52.280 INFO [localhost-startStop-1] org.apache.catalina.startup.HostConfig.deployDirectory Deployment of web application directory /home/pi/apache-tomcat-8.5.14/webapps/docs has finished in 77 ms
03-May-2017 01:34:52.281 INFO [localhost-startStop-1] org.apache.catalina.startup.HostConfig.deployDirectory Deploying web application directory /home/pi/apache-tomcat-8.5.14/webapps/examples
03-May-2017 01:34:53.209 INFO [localhost-startStop-1] org.apache.catalina.startup.HostConfig.deployDirectory Deployment of web application directory /home/pi/apache-tomcat-8.5.14/webapps/examples has finished in 928 ms
03-May-2017 01:34:53.210 INFO [localhost-startStop-1] org.apache.catalina.startup.HostConfig.deployDirectory Deploying web application directory /home/pi/apache-tomcat-8.5.14/webapps/manager
03-May-2017 01:34:53.315 INFO [localhost-startStop-1] org.apache.catalina.startup.HostConfig.deployDirectory Deployment of web application directory /home/pi/apache-tomcat-8.5.14/webapps/manager has finished in 104 ms
03-May-2017 01:34:53.315 INFO [localhost-startStop-1] org.apache.catalina.startup.HostConfig.deployDirectory Deploying web application directory /home/pi/apache-tomcat-8.5.14/webapps/ROOT
03-May-2017 01:34:53.376 INFO [localhost-startStop-1] org.apache.catalina.startup.HostConfig.deployDirectory Deployment of web application directory /home/pi/apache-tomcat-8.5.14/webapps/ROOT has finished in 61 ms
03-May-2017 01:34:53.377 INFO [localhost-startStop-1] org.apache.catalina.startup.HostConfig.deployDirectory Deploying web application directory /home/pi/apache-tomcat-8.5.14/webapps/host-manager
03-May-2017 01:34:53.449 INFO [localhost-startStop-1] org.apache.catalina.startup.HostConfig.deployDirectory Deployment of web application directory /home/pi/apache-tomcat-8.5.14/webapps/host-manager has finished in 71 ms
03-May-2017 01:34:53.462 INFO [main] org.apache.coyote.AbstractProtocol.start Starting ProtocolHandler ["http-nio-8080"]
03-May-2017 01:34:53.490 INFO [main] org.apache.coyote.AbstractProtocol.start Starting ProtocolHandler ["ajp-nio-8009"]
03-May-2017 01:34:53.494 INFO [main] org.apache.catalina.startup.Catalina.start Server startup in 9736 ms
03-May-2017 01:38:05.832 INFO [Thread-5] org.apache.coyote.AbstractProtocol.pause Pausing ProtocolHandler ["http-nio-8080"]
03-May-2017 01:38:05.947 INFO [Thread-5] org.apache.coyote.AbstractProtocol.pause Pausing ProtocolHandler ["ajp-nio-8009"]
03-May-2017 01:38:06.017 INFO [Thread-5] org.apache.catalina.core.StandardService.stopInternal Stopping service Catalina
03-May-2017 01:38:06.301 INFO [Thread-5] org.apache.coyote.AbstractProtocol.stop Stopping ProtocolHandler ["http-nio-8080"]
03-May-2017 01:38:06.307 INFO [Thread-5] org.apache.coyote.AbstractProtocol.stop Stopping ProtocolHandler ["ajp-nio-8009"]
03-May-2017 01:38:06.335 INFO [Thread-5] org.apache.coyote.AbstractProtocol.destroy Destroying ProtocolHandler ["http-nio-8080"]
03-May-2017 01:38:06.338 INFO [Thread-5] org.apache.coyote.AbstractProtocol.destroy Destroying ProtocolHandler ["ajp-nio-8009"]
03-May-2017 01:38:23.736 INFO [main] org.apache.catalina.startup.VersionLoggerListener.log Server version:        Apache Tomcat/8.5.14
03-May-2017 01:38:23.782 INFO [main] org.apache.catalina.startup.VersionLoggerListener.log Server built:          Apr 13 2017 12:55:45 UTC
03-May-2017 01:38:23.783 INFO [main] org.apache.catalina.startup.VersionLoggerListener.log Server number:         8.5.14.0
03-May-2017 01:38:23.783 INFO [main] org.apache.catalina.startup.VersionLoggerListener.log OS Name:               Linux
03-May-2017 01:38:23.784 INFO [main] org.apache.catalina.startup.VersionLoggerListener.log OS Version:            4.9.24-v7+
03-May-2017 01:38:23.784 INFO [main] org.apache.catalina.startup.VersionLoggerListener.log Architecture:          arm
03-May-2017 01:38:23.784 INFO [main] org.apache.catalina.startup.VersionLoggerListener.log Java Home:             /usr/lib/jvm/jdk-8-oracle-arm32-vfp-hflt/jre
03-May-2017 01:38:23.785 INFO [main] org.apache.catalina.startup.VersionLoggerListener.log JVM Version:           1.8.0_65-b17
03-May-2017 01:38:23.785 INFO [main] org.apache.catalina.startup.VersionLoggerListener.log JVM Vendor:            Oracle Corporation
03-May-2017 01:38:23.785 INFO [main] org.apache.catalina.startup.VersionLoggerListener.log CATALINA_BASE:         /home/pi/apache-tomcat-8.5.14
03-May-2017 01:38:23.786 INFO [main] org.apache.catalina.startup.VersionLoggerListener.log CATALINA_HOME:         /home/pi/apache-tomcat-8.5.14
03-May-2017 01:38:23.787 INFO [main] org.apache.catalina.startup.VersionLoggerListener.log Command line argument: -Djava.util.logging.config.file=/home/pi/apache-tomcat-8.5.14/conf/logging.properties
03-May-2017 01:38:23.787 INFO [main] org.apache.catalina.startup.VersionLoggerListener.log Command line argument: -Djava.util.logging.manager=org.apache.juli.ClassLoaderLogManager
03-May-2017 01:38:23.788 INFO [main] org.apache.catalina.startup.VersionLoggerListener.log Command line argument: -Djdk.tls.ephemeralDHKeySize=2048
03-May-2017 01:38:23.788 INFO [main] org.apache.catalina.startup.VersionLoggerListener.log Command line argument: -Djava.protocol.handler.pkgs=org.apache.catalina.webresources
03-May-2017 01:38:23.789 INFO [main] org.apache.catalina.startup.VersionLoggerListener.log Command line argument: -Dcatalina.base=/home/pi/apache-tomcat-8.5.14
03-May-2017 01:38:23.789 INFO [main] org.apache.catalina.startup.VersionLoggerListener.log Command line argument: -Dcatalina.home=/home/pi/apache-tomcat-8.5.14
03-May-2017 01:38:23.790 INFO [main] org.apache.catalina.startup.VersionLoggerListener.log Command line argument: -Djava.io.tmpdir=/home/pi/apache-tomcat-8.5.14/temp
03-May-2017 01:38:23.790 INFO [main] org.apache.catalina.core.AprLifecycleListener.lifecycleEvent The APR based Apache Tomcat Native library which allows optimal performance in production environments was not found on the java.library.path: /usr/java/packages/lib/arm:/lib:/usr/lib
03-May-2017 01:38:24.802 INFO [main] org.apache.coyote.AbstractProtocol.init Initializing ProtocolHandler ["http-nio-8080"]
03-May-2017 01:38:24.899 INFO [main] org.apache.tomcat.util.net.NioSelectorPool.getSharedSelector Using a shared selector for servlet write/read
03-May-2017 01:38:24.910 INFO [main] org.apache.coyote.AbstractProtocol.init Initializing ProtocolHandler ["ajp-nio-8009"]
03-May-2017 01:38:24.915 INFO [main] org.apache.tomcat.util.net.NioSelectorPool.getSharedSelector Using a shared selector for servlet write/read
03-May-2017 01:38:24.916 INFO [main] org.apache.catalina.startup.Catalina.load Initialization processed in 4713 ms
03-May-2017 01:38:25.083 INFO [main] org.apache.catalina.core.StandardService.startInternal Starting service Catalina
03-May-2017 01:38:25.084 INFO [main] org.apache.catalina.core.StandardEngine.startInternal Starting Servlet Engine: Apache Tomcat/8.5.14
03-May-2017 01:38:25.204 INFO [localhost-startStop-1] org.apache.catalina.startup.HostConfig.deployWAR Deploying web application archive /home/pi/apache-tomcat-8.5.14/webapps/sample.war
03-May-2017 01:38:53.880 INFO [localhost-startStop-1] org.apache.catalina.util.SessionIdGeneratorBase.createSecureRandom Creation of SecureRandom instance for session ID generation using [SHA1PRNG] took [26,888] milliseconds.
03-May-2017 01:38:54.006 INFO [localhost-startStop-1] org.apache.catalina.startup.HostConfig.deployWAR Deployment of web application archive /home/pi/apache-tomcat-8.5.14/webapps/sample.war has finished in 28,802 ms
03-May-2017 01:38:54.010 INFO [localhost-startStop-1] org.apache.catalina.startup.HostConfig.deployDirectory Deploying web application directory /home/pi/apache-tomcat-8.5.14/webapps/docs
03-May-2017 01:38:54.092 INFO [localhost-startStop-1] org.apache.catalina.startup.HostConfig.deployDirectory Deployment of web application directory /home/pi/apache-tomcat-8.5.14/webapps/docs has finished in 83 ms
03-May-2017 01:38:54.093 INFO [localhost-startStop-1] org.apache.catalina.startup.HostConfig.deployDirectory Deploying web application directory /home/pi/apache-tomcat-8.5.14/webapps/examples
03-May-2017 01:38:55.057 INFO [localhost-startStop-1] org.apache.catalina.startup.HostConfig.deployDirectory Deployment of web application directory /home/pi/apache-tomcat-8.5.14/webapps/examples has finished in 963 ms
03-May-2017 01:38:55.058 INFO [localhost-startStop-1] org.apache.catalina.startup.HostConfig.deployDirectory Deploying web application directory /home/pi/apache-tomcat-8.5.14/webapps/manager
03-May-2017 01:38:55.161 INFO [localhost-startStop-1] org.apache.catalina.startup.HostConfig.deployDirectory Deployment of web application directory /home/pi/apache-tomcat-8.5.14/webapps/manager has finished in 104 ms
03-May-2017 01:38:55.162 INFO [localhost-startStop-1] org.apache.catalina.startup.HostConfig.deployDirectory Deploying web application directory /home/pi/apache-tomcat-8.5.14/webapps/ROOT
03-May-2017 01:38:55.224 INFO [localhost-startStop-1] org.apache.catalina.startup.HostConfig.deployDirectory Deployment of web application directory /home/pi/apache-tomcat-8.5.14/webapps/ROOT has finished in 62 ms
03-May-2017 01:38:55.225 INFO [localhost-startStop-1] org.apache.catalina.startup.HostConfig.deployDirectory Deploying web application directory /home/pi/apache-tomcat-8.5.14/webapps/host-manager
03-May-2017 01:38:55.292 INFO [localhost-startStop-1] org.apache.catalina.startup.HostConfig.deployDirectory Deployment of web application directory /home/pi/apache-tomcat-8.5.14/webapps/host-manager has finished in 67 ms
03-May-2017 01:38:55.305 INFO [main] org.apache.coyote.AbstractProtocol.start Starting ProtocolHandler ["http-nio-8080"]
03-May-2017 01:38:55.342 INFO [main] org.apache.coyote.AbstractProtocol.start Starting ProtocolHandler ["ajp-nio-8009"]
03-May-2017 01:38:55.347 INFO [main] org.apache.catalina.startup.Catalina.start Server startup in 21141 ms
03-May-2017 02:03:27.183 INFO [http-nio-8080-exec-1] org.apache.coyote.http11.Http11Processor.service Error parsing HTTP request header
 Note: further occurrences of HTTP header parsing errors will be logged at DEBUG level.
 java.lang.IllegalArgumentException: Invalid character found in method name. HTTP method names must be tokens
	at org.apache.coyote.http11.Http11InputBuffer.parseRequestLine(Http11InputBuffer.java:422)
	at org.apache.coyote.http11.Http11Processor.service(Http11Processor.java:683)
	at org.apache.coyote.AbstractProcessorLight.process(AbstractProcessorLight.java:66)
	at org.apache.coyote.AbstractProtocol$ConnectionHandler.process(AbstractProtocol.java:861)
	at org.apache.tomcat.util.net.NioEndpoint$SocketProcessor.doRun(NioEndpoint.java:1455)
	at org.apache.tomcat.util.net.SocketProcessorBase.run(SocketProcessorBase.java:49)
	at java.util.concurrent.ThreadPoolExecutor.runWorker(ThreadPoolExecutor.java:1142)
	at java.util.concurrent.ThreadPoolExecutor$Worker.run(ThreadPoolExecutor.java:617)
	at org.apache.tomcat.util.threads.TaskThread$WrappingRunnable.run(TaskThread.java:61)
	at java.lang.Thread.run(Thread.java:745)

03-May-2017 02:34:36.588 INFO [Thread-5] org.apache.coyote.AbstractProtocol.pause Pausing ProtocolHandler ["http-nio-8080"]
03-May-2017 02:34:36.722 INFO [Thread-5] org.apache.coyote.AbstractProtocol.pause Pausing ProtocolHandler ["ajp-nio-8009"]
03-May-2017 02:34:36.779 INFO [Thread-5] org.apache.catalina.core.StandardService.stopInternal Stopping service Catalina
03-May-2017 02:34:37.041 INFO [Thread-5] org.apache.coyote.AbstractProtocol.stop Stopping ProtocolHandler ["http-nio-8080"]
03-May-2017 02:34:37.047 INFO [Thread-5] org.apache.coyote.AbstractProtocol.stop Stopping ProtocolHandler ["ajp-nio-8009"]
03-May-2017 02:34:37.054 INFO [Thread-5] org.apache.coyote.AbstractProtocol.destroy Destroying ProtocolHandler ["http-nio-8080"]
03-May-2017 02:34:37.058 INFO [Thread-5] org.apache.coyote.AbstractProtocol.destroy Destroying ProtocolHandler ["ajp-nio-8009"]
03-May-2017 02:34:54.591 INFO [main] org.apache.catalina.startup.VersionLoggerListener.log Server version:        Apache Tomcat/8.5.14
03-May-2017 02:34:54.626 INFO [main] org.apache.catalina.startup.VersionLoggerListener.log Server built:          Apr 13 2017 12:55:45 UTC
03-May-2017 02:34:54.627 INFO [main] org.apache.catalina.startup.VersionLoggerListener.log Server number:         8.5.14.0
03-May-2017 02:34:54.627 INFO [main] org.apache.catalina.startup.VersionLoggerListener.log OS Name:               Linux
03-May-2017 02:34:54.628 INFO [main] org.apache.catalina.startup.VersionLoggerListener.log OS Version:            4.9.24-v7+
03-May-2017 02:34:54.628 INFO [main] org.apache.catalina.startup.VersionLoggerListener.log Architecture:          arm
03-May-2017 02:34:54.629 INFO [main] org.apache.catalina.startup.VersionLoggerListener.log Java Home:             /usr/lib/jvm/jdk-8-oracle-arm32-vfp-hflt/jre
03-May-2017 02:34:54.629 INFO [main] org.apache.catalina.startup.VersionLoggerListener.log JVM Version:           1.8.0_65-b17
03-May-2017 02:34:54.636 INFO [main] org.apache.catalina.startup.VersionLoggerListener.log JVM Vendor:            Oracle Corporation
03-May-2017 02:34:54.637 INFO [main] org.apache.catalina.startup.VersionLoggerListener.log CATALINA_BASE:         /home/pi/apache-tomcat-8.5.14
03-May-2017 02:34:54.637 INFO [main] org.apache.catalina.startup.VersionLoggerListener.log CATALINA_HOME:         /home/pi/apache-tomcat-8.5.14
03-May-2017 02:34:54.639 INFO [main] org.apache.catalina.startup.VersionLoggerListener.log Command line argument: -Djava.util.logging.config.file=/home/pi/apache-tomcat-8.5.14/conf/logging.properties
03-May-2017 02:34:54.640 INFO [main] org.apache.catalina.startup.VersionLoggerListener.log Command line argument: -Djava.util.logging.manager=org.apache.juli.ClassLoaderLogManager
03-May-2017 02:34:54.641 INFO [main] org.apache.catalina.startup.VersionLoggerListener.log Command line argument: -Djdk.tls.ephemeralDHKeySize=2048
03-May-2017 02:34:54.641 INFO [main] org.apache.catalina.startup.VersionLoggerListener.log Command line argument: -Djava.protocol.handler.pkgs=org.apache.catalina.webresources
03-May-2017 02:34:54.642 INFO [main] org.apache.catalina.startup.VersionLoggerListener.log Command line argument: -Dcatalina.base=/home/pi/apache-tomcat-8.5.14
03-May-2017 02:34:54.642 INFO [main] org.apache.catalina.startup.VersionLoggerListener.log Command line argument: -Dcatalina.home=/home/pi/apache-tomcat-8.5.14
03-May-2017 02:34:54.643 INFO [main] org.apache.catalina.startup.VersionLoggerListener.log Command line argument: -Djava.io.tmpdir=/home/pi/apache-tomcat-8.5.14/temp
03-May-2017 02:34:54.643 INFO [main] org.apache.catalina.core.AprLifecycleListener.lifecycleEvent The APR based Apache Tomcat Native library which allows optimal performance in production environments was not found on the java.library.path: /usr/java/packages/lib/arm:/lib:/usr/lib
03-May-2017 02:34:55.476 INFO [main] org.apache.coyote.AbstractProtocol.init Initializing ProtocolHandler ["http-nio-8080"]
03-May-2017 02:34:55.577 INFO [main] org.apache.tomcat.util.net.NioSelectorPool.getSharedSelector Using a shared selector for servlet write/read
03-May-2017 02:34:55.588 INFO [main] org.apache.coyote.AbstractProtocol.init Initializing ProtocolHandler ["ajp-nio-8009"]
03-May-2017 02:34:55.594 INFO [main] org.apache.tomcat.util.net.NioSelectorPool.getSharedSelector Using a shared selector for servlet write/read
03-May-2017 02:34:55.595 INFO [main] org.apache.catalina.startup.Catalina.load Initialization processed in 4518 ms
03-May-2017 02:34:55.754 INFO [main] org.apache.catalina.core.StandardService.startInternal Starting service Catalina
03-May-2017 02:34:55.755 INFO [main] org.apache.catalina.core.StandardEngine.startInternal Starting Servlet Engine: Apache Tomcat/8.5.14
03-May-2017 02:34:55.864 INFO [localhost-startStop-1] org.apache.catalina.startup.HostConfig.deployWAR Deploying web application archive /home/pi/apache-tomcat-8.5.14/webapps/sample.war
03-May-2017 02:35:14.726 INFO [localhost-startStop-1] org.apache.catalina.util.SessionIdGeneratorBase.createSecureRandom Creation of SecureRandom instance for session ID generation using [SHA1PRNG] took [17,257] milliseconds.
03-May-2017 02:35:14.851 INFO [localhost-startStop-1] org.apache.catalina.startup.HostConfig.deployWAR Deployment of web application archive /home/pi/apache-tomcat-8.5.14/webapps/sample.war has finished in 18,986 ms
03-May-2017 02:35:14.854 INFO [localhost-startStop-1] org.apache.catalina.startup.HostConfig.deployDirectory Deploying web application directory /home/pi/apache-tomcat-8.5.14/webapps/docs
03-May-2017 02:35:14.927 INFO [localhost-startStop-1] org.apache.catalina.startup.HostConfig.deployDirectory Deployment of web application directory /home/pi/apache-tomcat-8.5.14/webapps/docs has finished in 73 ms
03-May-2017 02:35:14.927 INFO [localhost-startStop-1] org.apache.catalina.startup.HostConfig.deployDirectory Deploying web application directory /home/pi/apache-tomcat-8.5.14/webapps/examples
03-May-2017 02:35:15.893 INFO [localhost-startStop-1] org.apache.catalina.startup.HostConfig.deployDirectory Deployment of web application directory /home/pi/apache-tomcat-8.5.14/webapps/examples has finished in 966 ms
03-May-2017 02:35:15.894 INFO [localhost-startStop-1] org.apache.catalina.startup.HostConfig.deployDirectory Deploying web application directory /home/pi/apache-tomcat-8.5.14/webapps/manager
03-May-2017 02:35:15.997 INFO [localhost-startStop-1] org.apache.catalina.startup.HostConfig.deployDirectory Deployment of web application directory /home/pi/apache-tomcat-8.5.14/webapps/manager has finished in 103 ms
03-May-2017 02:35:15.998 INFO [localhost-startStop-1] org.apache.catalina.startup.HostConfig.deployDirectory Deploying web application directory /home/pi/apache-tomcat-8.5.14/webapps/ROOT
03-May-2017 02:35:16.059 INFO [localhost-startStop-1] org.apache.catalina.startup.HostConfig.deployDirectory Deployment of web application directory /home/pi/apache-tomcat-8.5.14/webapps/ROOT has finished in 61 ms
03-May-2017 02:35:16.059 INFO [localhost-startStop-1] org.apache.catalina.startup.HostConfig.deployDirectory Deploying web application directory /home/pi/apache-tomcat-8.5.14/webapps/host-manager
03-May-2017 02:35:16.128 INFO [localhost-startStop-1] org.apache.catalina.startup.HostConfig.deployDirectory Deployment of web application directory /home/pi/apache-tomcat-8.5.14/webapps/host-manager has finished in 68 ms
03-May-2017 02:35:16.141 INFO [main] org.apache.coyote.AbstractProtocol.start Starting ProtocolHandler ["http-nio-8080"]
03-May-2017 02:35:16.168 INFO [main] org.apache.coyote.AbstractProtocol.start Starting ProtocolHandler ["ajp-nio-8009"]
03-May-2017 02:35:16.172 INFO [main] org.apache.catalina.startup.Catalina.start Server startup in 20577 ms
03-May-2017 04:17:15.695 INFO [main] org.apache.catalina.startup.VersionLoggerListener.log Server version:        Apache Tomcat/8.5.14
03-May-2017 04:17:15.730 INFO [main] org.apache.catalina.startup.VersionLoggerListener.log Server built:          Apr 13 2017 12:55:45 UTC
03-May-2017 04:17:15.730 INFO [main] org.apache.catalina.startup.VersionLoggerListener.log Server number:         8.5.14.0
03-May-2017 04:17:15.731 INFO [main] org.apache.catalina.startup.VersionLoggerListener.log OS Name:               Linux
03-May-2017 04:17:15.732 INFO [main] org.apache.catalina.startup.VersionLoggerListener.log OS Version:            4.9.24-v7+
03-May-2017 04:17:15.732 INFO [main] org.apache.catalina.startup.VersionLoggerListener.log Architecture:          arm
03-May-2017 04:17:15.733 INFO [main] org.apache.catalina.startup.VersionLoggerListener.log Java Home:             /usr/lib/jvm/jdk-8-oracle-arm32-vfp-hflt/jre
03-May-2017 04:17:15.733 INFO [main] org.apache.catalina.startup.VersionLoggerListener.log JVM Version:           1.8.0_65-b17
03-May-2017 04:17:15.734 INFO [main] org.apache.catalina.startup.VersionLoggerListener.log JVM Vendor:            Oracle Corporation
03-May-2017 04:17:15.734 INFO [main] org.apache.catalina.startup.VersionLoggerListener.log CATALINA_BASE:         /home/pi/apache-tomcat-8.5.14
03-May-2017 04:17:15.734 INFO [main] org.apache.catalina.startup.VersionLoggerListener.log CATALINA_HOME:         /home/pi/apache-tomcat-8.5.14
03-May-2017 04:17:15.736 INFO [main] org.apache.catalina.startup.VersionLoggerListener.log Command line argument: -Djava.util.logging.config.file=/home/pi/apache-tomcat-8.5.14/conf/logging.properties
03-May-2017 04:17:15.737 INFO [main] org.apache.catalina.startup.VersionLoggerListener.log Command line argument: -Djava.util.logging.manager=org.apache.juli.ClassLoaderLogManager
03-May-2017 04:17:15.737 INFO [main] org.apache.catalina.startup.VersionLoggerListener.log Command line argument: -Djdk.tls.ephemeralDHKeySize=2048
03-May-2017 04:17:15.738 INFO [main] org.apache.catalina.startup.VersionLoggerListener.log Command line argument: -Djava.protocol.handler.pkgs=org.apache.catalina.webresources
03-May-2017 04:17:15.739 INFO [main] org.apache.catalina.startup.VersionLoggerListener.log Command line argument: -Dcatalina.base=/home/pi/apache-tomcat-8.5.14
03-May-2017 04:17:15.739 INFO [main] org.apache.catalina.startup.VersionLoggerListener.log Command line argument: -Dcatalina.home=/home/pi/apache-tomcat-8.5.14
03-May-2017 04:17:15.740 INFO [main] org.apache.catalina.startup.VersionLoggerListener.log Command line argument: -Djava.io.tmpdir=/home/pi/apache-tomcat-8.5.14/temp
03-May-2017 04:17:15.741 INFO [main] org.apache.catalina.core.AprLifecycleListener.lifecycleEvent The APR based Apache Tomcat Native library which allows optimal performance in production environments was not found on the java.library.path: /usr/java/packages/lib/arm:/lib:/usr/lib
03-May-2017 04:17:16.772 INFO [main] org.apache.coyote.AbstractProtocol.init Initializing ProtocolHandler ["http-nio-8080"]
03-May-2017 04:17:16.878 INFO [main] org.apache.tomcat.util.net.NioSelectorPool.getSharedSelector Using a shared selector for servlet write/read
03-May-2017 04:17:16.902 INFO [main] org.apache.coyote.AbstractProtocol.init Initializing ProtocolHandler ["ajp-nio-8009"]
03-May-2017 04:17:16.910 INFO [main] org.apache.tomcat.util.net.NioSelectorPool.getSharedSelector Using a shared selector for servlet write/read
03-May-2017 04:17:16.916 INFO [main] org.apache.catalina.startup.Catalina.load Initialization processed in 4934 ms
03-May-2017 04:17:17.079 INFO [main] org.apache.catalina.core.StandardService.startInternal Starting service Catalina
03-May-2017 04:17:17.080 INFO [main] org.apache.catalina.core.StandardEngine.startInternal Starting Servlet Engine: Apache Tomcat/8.5.14
03-May-2017 04:17:17.191 INFO [localhost-startStop-1] org.apache.catalina.startup.HostConfig.deployWAR Deploying web application archive /home/pi/apache-tomcat-8.5.14/webapps/sample.war
03-May-2017 04:17:36.357 INFO [localhost-startStop-1] org.apache.catalina.util.SessionIdGeneratorBase.createSecureRandom Creation of SecureRandom instance for session ID generation using [SHA1PRNG] took [17,506] milliseconds.
03-May-2017 04:17:36.470 INFO [localhost-startStop-1] org.apache.catalina.startup.HostConfig.deployWAR Deployment of web application archive /home/pi/apache-tomcat-8.5.14/webapps/sample.war has finished in 19,279 ms
03-May-2017 04:17:36.474 INFO [localhost-startStop-1] org.apache.catalina.startup.HostConfig.deployDirectory Deploying web application directory /home/pi/apache-tomcat-8.5.14/webapps/docs
03-May-2017 04:17:36.548 INFO [localhost-startStop-1] org.apache.catalina.startup.HostConfig.deployDirectory Deployment of web application directory /home/pi/apache-tomcat-8.5.14/webapps/docs has finished in 73 ms
03-May-2017 04:17:36.549 INFO [localhost-startStop-1] org.apache.catalina.startup.HostConfig.deployDirectory Deploying web application directory /home/pi/apache-tomcat-8.5.14/webapps/examples
03-May-2017 04:17:37.460 INFO [localhost-startStop-1] org.apache.catalina.startup.HostConfig.deployDirectory Deployment of web application directory /home/pi/apache-tomcat-8.5.14/webapps/examples has finished in 911 ms
03-May-2017 04:17:37.460 INFO [localhost-startStop-1] org.apache.catalina.startup.HostConfig.deployDirectory Deploying web application directory /home/pi/apache-tomcat-8.5.14/webapps/manager
03-May-2017 04:17:37.563 INFO [localhost-startStop-1] org.apache.catalina.startup.HostConfig.deployDirectory Deployment of web application directory /home/pi/apache-tomcat-8.5.14/webapps/manager has finished in 103 ms
03-May-2017 04:17:37.564 INFO [localhost-startStop-1] org.apache.catalina.startup.HostConfig.deployDirectory Deploying web application directory /home/pi/apache-tomcat-8.5.14/webapps/ROOT
03-May-2017 04:17:37.625 INFO [localhost-startStop-1] org.apache.catalina.startup.HostConfig.deployDirectory Deployment of web application directory /home/pi/apache-tomcat-8.5.14/webapps/ROOT has finished in 61 ms
03-May-2017 04:17:37.626 INFO [localhost-startStop-1] org.apache.catalina.startup.HostConfig.deployDirectory Deploying web application directory /home/pi/apache-tomcat-8.5.14/webapps/host-manager
03-May-2017 04:17:37.694 INFO [localhost-startStop-1] org.apache.catalina.startup.HostConfig.deployDirectory Deployment of web application directory /home/pi/apache-tomcat-8.5.14/webapps/host-manager has finished in 67 ms
03-May-2017 04:17:37.707 INFO [main] org.apache.coyote.AbstractProtocol.start Starting ProtocolHandler ["http-nio-8080"]
03-May-2017 04:17:37.735 INFO [main] org.apache.coyote.AbstractProtocol.start Starting ProtocolHandler ["ajp-nio-8009"]
03-May-2017 04:17:37.739 INFO [main] org.apache.catalina.startup.Catalina.start Server startup in 20822 ms
03-May-2017 04:17:16.613 INFO [main] org.apache.catalina.startup.VersionLoggerListener.log Server version:        Apache Tomcat/8.5.14
03-May-2017 04:17:16.648 INFO [main] org.apache.catalina.startup.VersionLoggerListener.log Server built:          Apr 13 2017 12:55:45 UTC
03-May-2017 04:17:16.649 INFO [main] org.apache.catalina.startup.VersionLoggerListener.log Server number:         8.5.14.0
03-May-2017 04:17:16.650 INFO [main] org.apache.catalina.startup.VersionLoggerListener.log OS Name:               Linux
03-May-2017 04:17:16.650 INFO [main] org.apache.catalina.startup.VersionLoggerListener.log OS Version:            4.9.24-v7+
03-May-2017 04:17:16.651 INFO [main] org.apache.catalina.startup.VersionLoggerListener.log Architecture:          arm
03-May-2017 04:17:16.652 INFO [main] org.apache.catalina.startup.VersionLoggerListener.log Java Home:             /usr/lib/jvm/jdk-8-oracle-arm32-vfp-hflt/jre
03-May-2017 04:17:16.652 INFO [main] org.apache.catalina.startup.VersionLoggerListener.log JVM Version:           1.8.0_65-b17
03-May-2017 04:17:16.653 INFO [main] org.apache.catalina.startup.VersionLoggerListener.log JVM Vendor:            Oracle Corporation
03-May-2017 04:17:16.653 INFO [main] org.apache.catalina.startup.VersionLoggerListener.log CATALINA_BASE:         /home/pi/apache-tomcat-8.5.14
03-May-2017 04:17:16.654 INFO [main] org.apache.catalina.startup.VersionLoggerListener.log CATALINA_HOME:         /home/pi/apache-tomcat-8.5.14
03-May-2017 04:17:16.656 INFO [main] org.apache.catalina.startup.VersionLoggerListener.log Command line argument: -Djava.util.logging.config.file=/home/pi/apache-tomcat-8.5.14/conf/logging.properties
03-May-2017 04:17:16.656 INFO [main] org.apache.catalina.startup.VersionLoggerListener.log Command line argument: -Djava.util.logging.manager=org.apache.juli.ClassLoaderLogManager
03-May-2017 04:17:16.657 INFO [main] org.apache.catalina.startup.VersionLoggerListener.log Command line argument: -Djdk.tls.ephemeralDHKeySize=2048
03-May-2017 04:17:16.658 INFO [main] org.apache.catalina.startup.VersionLoggerListener.log Command line argument: -Djava.protocol.handler.pkgs=org.apache.catalina.webresources
03-May-2017 04:17:16.658 INFO [main] org.apache.catalina.startup.VersionLoggerListener.log Command line argument: -Dcatalina.base=/home/pi/apache-tomcat-8.5.14
03-May-2017 04:17:16.659 INFO [main] org.apache.catalina.startup.VersionLoggerListener.log Command line argument: -Dcatalina.home=/home/pi/apache-tomcat-8.5.14
03-May-2017 04:17:16.659 INFO [main] org.apache.catalina.startup.VersionLoggerListener.log Command line argument: -Djava.io.tmpdir=/home/pi/apache-tomcat-8.5.14/temp
03-May-2017 04:17:16.660 INFO [main] org.apache.catalina.core.AprLifecycleListener.lifecycleEvent The APR based Apache Tomcat Native library which allows optimal performance in production environments was not found on the java.library.path: /usr/java/packages/lib/arm:/lib:/usr/lib
03-May-2017 04:17:17.633 INFO [main] org.apache.coyote.AbstractProtocol.init Initializing ProtocolHandler ["http-nio-8080"]
03-May-2017 04:17:17.731 INFO [main] org.apache.tomcat.util.net.NioSelectorPool.getSharedSelector Using a shared selector for servlet write/read
03-May-2017 04:17:17.745 INFO [main] org.apache.coyote.AbstractProtocol.init Initializing ProtocolHandler ["ajp-nio-8009"]
03-May-2017 04:17:17.751 INFO [main] org.apache.tomcat.util.net.NioSelectorPool.getSharedSelector Using a shared selector for servlet write/read
03-May-2017 04:17:17.752 INFO [main] org.apache.catalina.startup.Catalina.load Initialization processed in 5605 ms
03-May-2017 04:17:17.910 INFO [main] org.apache.catalina.core.StandardService.startInternal Starting service Catalina
03-May-2017 04:17:17.911 INFO [main] org.apache.catalina.core.StandardEngine.startInternal Starting Servlet Engine: Apache Tomcat/8.5.14
03-May-2017 04:17:18.025 INFO [localhost-startStop-1] org.apache.catalina.startup.HostConfig.deployWAR Deploying web application archive /home/pi/apache-tomcat-8.5.14/webapps/sample.war
