27-May-2017 11:46:26.743 INFO [Thread-5] org.apache.coyote.AbstractProtocol.pause Pausing ProtocolHandler ["http-nio-8080"]
27-May-2017 11:46:27.252 INFO [Thread-5] org.apache.coyote.AbstractProtocol.pause Pausing ProtocolHandler ["ajp-nio-8009"]
27-May-2017 11:46:27.308 INFO [Thread-5] org.apache.catalina.core.StandardService.stopInternal Stopping service Catalina
27-May-2017 11:46:27.731 INFO [Thread-5] org.apache.coyote.AbstractProtocol.stop Stopping ProtocolHandler ["http-nio-8080"]
27-May-2017 11:46:27.767 INFO [Thread-5] org.apache.coyote.AbstractProtocol.stop Stopping ProtocolHandler ["ajp-nio-8009"]
27-May-2017 11:46:27.785 INFO [Thread-5] org.apache.coyote.AbstractProtocol.destroy Destroying ProtocolHandler ["http-nio-8080"]
27-May-2017 11:46:27.790 INFO [Thread-5] org.apache.coyote.AbstractProtocol.destroy Destroying ProtocolHandler ["ajp-nio-8009"]
27-May-2017 11:46:42.930 INFO [main] org.apache.catalina.startup.VersionLoggerListener.log Server version:        Apache Tomcat/8.5.14
27-May-2017 11:46:42.957 INFO [main] org.apache.catalina.startup.VersionLoggerListener.log Server built:          Apr 13 2017 12:55:45 UTC
27-May-2017 11:46:42.958 INFO [main] org.apache.catalina.startup.VersionLoggerListener.log Server number:         8.5.14.0
27-May-2017 11:46:42.959 INFO [main] org.apache.catalina.startup.VersionLoggerListener.log OS Name:               Linux
27-May-2017 11:46:42.959 INFO [main] org.apache.catalina.startup.VersionLoggerListener.log OS Version:            4.9.24-v7+
27-May-2017 11:46:42.959 INFO [main] org.apache.catalina.startup.VersionLoggerListener.log Architecture:          arm
27-May-2017 11:46:42.960 INFO [main] org.apache.catalina.startup.VersionLoggerListener.log Java Home:             /usr/lib/jvm/jdk-8-oracle-arm32-vfp-hflt/jre
27-May-2017 11:46:42.968 INFO [main] org.apache.catalina.startup.VersionLoggerListener.log JVM Version:           1.8.0_65-b17
27-May-2017 11:46:42.969 INFO [main] org.apache.catalina.startup.VersionLoggerListener.log JVM Vendor:            Oracle Corporation
27-May-2017 11:46:42.970 INFO [main] org.apache.catalina.startup.VersionLoggerListener.log CATALINA_BASE:         /home/pi/apache-tomcat-8.5.14
27-May-2017 11:46:42.970 INFO [main] org.apache.catalina.startup.VersionLoggerListener.log CATALINA_HOME:         /home/pi/apache-tomcat-8.5.14
27-May-2017 11:46:42.971 INFO [main] org.apache.catalina.startup.VersionLoggerListener.log Command line argument: -Djava.util.logging.config.file=/home/pi/apache-tomcat-8.5.14/conf/logging.properties
27-May-2017 11:46:42.971 INFO [main] org.apache.catalina.startup.VersionLoggerListener.log Command line argument: -Djava.util.logging.manager=org.apache.juli.ClassLoaderLogManager
27-May-2017 11:46:42.972 INFO [main] org.apache.catalina.startup.VersionLoggerListener.log Command line argument: -Djdk.tls.ephemeralDHKeySize=2048
27-May-2017 11:46:42.972 INFO [main] org.apache.catalina.startup.VersionLoggerListener.log Command line argument: -Djava.protocol.handler.pkgs=org.apache.catalina.webresources
27-May-2017 11:46:42.972 INFO [main] org.apache.catalina.startup.VersionLoggerListener.log Command line argument: -Dcatalina.base=/home/pi/apache-tomcat-8.5.14
27-May-2017 11:46:42.973 INFO [main] org.apache.catalina.startup.VersionLoggerListener.log Command line argument: -Dcatalina.home=/home/pi/apache-tomcat-8.5.14
27-May-2017 11:46:42.973 INFO [main] org.apache.catalina.startup.VersionLoggerListener.log Command line argument: -Djava.io.tmpdir=/home/pi/apache-tomcat-8.5.14/temp
27-May-2017 11:46:42.974 INFO [main] org.apache.catalina.core.AprLifecycleListener.lifecycleEvent The APR based Apache Tomcat Native library which allows optimal performance in production environments was not found on the java.library.path: /usr/java/packages/lib/arm:/lib:/usr/lib
27-May-2017 11:46:43.686 INFO [main] org.apache.coyote.AbstractProtocol.init Initializing ProtocolHandler ["http-nio-8080"]
27-May-2017 11:46:43.781 INFO [main] org.apache.tomcat.util.net.NioSelectorPool.getSharedSelector Using a shared selector for servlet write/read
27-May-2017 11:46:43.792 INFO [main] org.apache.coyote.AbstractProtocol.init Initializing ProtocolHandler ["ajp-nio-8009"]
27-May-2017 11:46:43.798 INFO [main] org.apache.tomcat.util.net.NioSelectorPool.getSharedSelector Using a shared selector for servlet write/read
27-May-2017 11:46:43.799 INFO [main] org.apache.catalina.startup.Catalina.load Initialization processed in 3346 ms
27-May-2017 11:46:43.960 INFO [main] org.apache.catalina.core.StandardService.startInternal Starting service Catalina
27-May-2017 11:46:43.961 INFO [main] org.apache.catalina.core.StandardEngine.startInternal Starting Servlet Engine: Apache Tomcat/8.5.14
27-May-2017 11:46:44.081 INFO [localhost-startStop-1] org.apache.catalina.startup.HostConfig.deployWAR Deploying web application archive /home/pi/apache-tomcat-8.5.14/webapps/sample.war
27-May-2017 11:46:50.668 INFO [localhost-startStop-1] org.apache.catalina.util.SessionIdGeneratorBase.createSecureRandom Creation of SecureRandom instance for session ID generation using [SHA1PRNG] took [4,766] milliseconds.
27-May-2017 11:46:50.796 INFO [localhost-startStop-1] org.apache.catalina.startup.HostConfig.deployWAR Deployment of web application archive /home/pi/apache-tomcat-8.5.14/webapps/sample.war has finished in 6,714 ms
27-May-2017 11:46:50.800 INFO [localhost-startStop-1] org.apache.catalina.startup.HostConfig.deployDirectory Deploying web application directory /home/pi/apache-tomcat-8.5.14/webapps/docs
27-May-2017 11:46:50.880 INFO [localhost-startStop-1] org.apache.catalina.startup.HostConfig.deployDirectory Deployment of web application directory /home/pi/apache-tomcat-8.5.14/webapps/docs has finished in 79 ms
27-May-2017 11:46:50.880 INFO [localhost-startStop-1] org.apache.catalina.startup.HostConfig.deployDirectory Deploying web application directory /home/pi/apache-tomcat-8.5.14/webapps/examples
27-May-2017 11:47:02.688 INFO [localhost-startStop-1] org.apache.catalina.startup.HostConfig.deployDirectory Deployment of web application directory /home/pi/apache-tomcat-8.5.14/webapps/examples has finished in 11,807 ms
27-May-2017 11:47:02.688 INFO [localhost-startStop-1] org.apache.catalina.startup.HostConfig.deployDirectory Deploying web application directory /home/pi/apache-tomcat-8.5.14/webapps/manager
27-May-2017 11:47:02.793 INFO [localhost-startStop-1] org.apache.catalina.startup.HostConfig.deployDirectory Deployment of web application directory /home/pi/apache-tomcat-8.5.14/webapps/manager has finished in 104 ms
27-May-2017 11:47:02.794 INFO [localhost-startStop-1] org.apache.catalina.startup.HostConfig.deployDirectory Deploying web application directory /home/pi/apache-tomcat-8.5.14/webapps/ROOT
27-May-2017 11:47:02.856 INFO [localhost-startStop-1] org.apache.catalina.startup.HostConfig.deployDirectory Deployment of web application directory /home/pi/apache-tomcat-8.5.14/webapps/ROOT has finished in 63 ms
27-May-2017 11:47:02.857 INFO [localhost-startStop-1] org.apache.catalina.startup.HostConfig.deployDirectory Deploying web application directory /home/pi/apache-tomcat-8.5.14/webapps/host-manager
27-May-2017 11:47:02.925 INFO [localhost-startStop-1] org.apache.catalina.startup.HostConfig.deployDirectory Deployment of web application directory /home/pi/apache-tomcat-8.5.14/webapps/host-manager has finished in 68 ms
27-May-2017 11:47:02.939 INFO [main] org.apache.coyote.AbstractProtocol.start Starting ProtocolHandler ["http-nio-8080"]
27-May-2017 11:47:02.971 INFO [main] org.apache.coyote.AbstractProtocol.start Starting ProtocolHandler ["ajp-nio-8009"]
27-May-2017 11:47:03.004 INFO [main] org.apache.catalina.startup.Catalina.start Server startup in 8343 ms
27-May-2017 15:52:16.628 INFO [Thread-5] org.apache.coyote.AbstractProtocol.pause Pausing ProtocolHandler ["http-nio-8080"]
27-May-2017 15:52:17.045 INFO [Thread-5] org.apache.coyote.AbstractProtocol.pause Pausing ProtocolHandler ["ajp-nio-8009"]
27-May-2017 15:52:17.101 INFO [Thread-5] org.apache.catalina.core.StandardService.stopInternal Stopping service Catalina
27-May-2017 15:52:17.307 INFO [Thread-5] org.apache.coyote.AbstractProtocol.stop Stopping ProtocolHandler ["http-nio-8080"]
27-May-2017 15:52:17.328 INFO [Thread-5] org.apache.coyote.AbstractProtocol.stop Stopping ProtocolHandler ["ajp-nio-8009"]
27-May-2017 15:52:17.335 INFO [Thread-5] org.apache.coyote.AbstractProtocol.destroy Destroying ProtocolHandler ["http-nio-8080"]
27-May-2017 15:52:17.337 INFO [Thread-5] org.apache.coyote.AbstractProtocol.destroy Destroying ProtocolHandler ["ajp-nio-8009"]
27-May-2017 15:52:37.866 INFO [main] org.apache.catalina.startup.VersionLoggerListener.log Server version:        Apache Tomcat/8.5.14
27-May-2017 15:52:37.914 INFO [main] org.apache.catalina.startup.VersionLoggerListener.log Server built:          Apr 13 2017 12:55:45 UTC
27-May-2017 15:52:37.915 INFO [main] org.apache.catalina.startup.VersionLoggerListener.log Server number:         8.5.14.0
27-May-2017 15:52:37.916 INFO [main] org.apache.catalina.startup.VersionLoggerListener.log OS Name:               Linux
27-May-2017 15:52:37.917 INFO [main] org.apache.catalina.startup.VersionLoggerListener.log OS Version:            4.9.24-v7+
27-May-2017 15:52:37.917 INFO [main] org.apache.catalina.startup.VersionLoggerListener.log Architecture:          arm
27-May-2017 15:52:37.918 INFO [main] org.apache.catalina.startup.VersionLoggerListener.log Java Home:             /usr/lib/jvm/jdk-8-oracle-arm32-vfp-hflt/jre
27-May-2017 15:52:37.919 INFO [main] org.apache.catalina.startup.VersionLoggerListener.log JVM Version:           1.8.0_65-b17
27-May-2017 15:52:37.920 INFO [main] org.apache.catalina.startup.VersionLoggerListener.log JVM Vendor:            Oracle Corporation
27-May-2017 15:52:37.920 INFO [main] org.apache.catalina.startup.VersionLoggerListener.log CATALINA_BASE:         /home/pi/apache-tomcat-8.5.14
27-May-2017 15:52:37.921 INFO [main] org.apache.catalina.startup.VersionLoggerListener.log CATALINA_HOME:         /home/pi/apache-tomcat-8.5.14
27-May-2017 15:52:37.923 INFO [main] org.apache.catalina.startup.VersionLoggerListener.log Command line argument: -Djava.util.logging.config.file=/home/pi/apache-tomcat-8.5.14/conf/logging.properties
27-May-2017 15:52:37.924 INFO [main] org.apache.catalina.startup.VersionLoggerListener.log Command line argument: -Djava.util.logging.manager=org.apache.juli.ClassLoaderLogManager
27-May-2017 15:52:37.925 INFO [main] org.apache.catalina.startup.VersionLoggerListener.log Command line argument: -Djdk.tls.ephemeralDHKeySize=2048
27-May-2017 15:52:37.925 INFO [main] org.apache.catalina.startup.VersionLoggerListener.log Command line argument: -Djava.protocol.handler.pkgs=org.apache.catalina.webresources
27-May-2017 15:52:37.926 INFO [main] org.apache.catalina.startup.VersionLoggerListener.log Command line argument: -Dcatalina.base=/home/pi/apache-tomcat-8.5.14
27-May-2017 15:52:37.927 INFO [main] org.apache.catalina.startup.VersionLoggerListener.log Command line argument: -Dcatalina.home=/home/pi/apache-tomcat-8.5.14
27-May-2017 15:52:37.927 INFO [main] org.apache.catalina.startup.VersionLoggerListener.log Command line argument: -Djava.io.tmpdir=/home/pi/apache-tomcat-8.5.14/temp
27-May-2017 15:52:37.928 INFO [main] org.apache.catalina.core.AprLifecycleListener.lifecycleEvent The APR based Apache Tomcat Native library which allows optimal performance in production environments was not found on the java.library.path: /usr/java/packages/lib/arm:/lib:/usr/lib
27-May-2017 15:52:39.134 INFO [main] org.apache.coyote.AbstractProtocol.init Initializing ProtocolHandler ["http-nio-8080"]
27-May-2017 15:52:39.230 INFO [main] org.apache.tomcat.util.net.NioSelectorPool.getSharedSelector Using a shared selector for servlet write/read
27-May-2017 15:52:39.241 INFO [main] org.apache.coyote.AbstractProtocol.init Initializing ProtocolHandler ["ajp-nio-8009"]
27-May-2017 15:52:39.246 INFO [main] org.apache.tomcat.util.net.NioSelectorPool.getSharedSelector Using a shared selector for servlet write/read
27-May-2017 15:52:39.247 INFO [main] org.apache.catalina.startup.Catalina.load Initialization processed in 5145 ms
27-May-2017 15:52:39.451 INFO [main] org.apache.catalina.core.StandardService.startInternal Starting service Catalina
27-May-2017 15:52:39.452 INFO [main] org.apache.catalina.core.StandardEngine.startInternal Starting Servlet Engine: Apache Tomcat/8.5.14
27-May-2017 15:52:39.606 INFO [localhost-startStop-1] org.apache.catalina.startup.HostConfig.deployWAR Deploying web application archive /home/pi/apache-tomcat-8.5.14/webapps/sample.war
