16-May-2017 21:17:16.171 INFO [main] org.apache.catalina.startup.VersionLoggerListener.log Server version:        Apache Tomcat/8.5.14
16-May-2017 21:17:16.217 INFO [main] org.apache.catalina.startup.VersionLoggerListener.log Server built:          Apr 13 2017 12:55:45 UTC
16-May-2017 21:17:16.218 INFO [main] org.apache.catalina.startup.VersionLoggerListener.log Server number:         8.5.14.0
16-May-2017 21:17:16.219 INFO [main] org.apache.catalina.startup.VersionLoggerListener.log OS Name:               Linux
16-May-2017 21:17:16.220 INFO [main] org.apache.catalina.startup.VersionLoggerListener.log OS Version:            4.9.24-v7+
16-May-2017 21:17:16.221 INFO [main] org.apache.catalina.startup.VersionLoggerListener.log Architecture:          arm
16-May-2017 21:17:16.223 INFO [main] org.apache.catalina.startup.VersionLoggerListener.log Java Home:             /usr/lib/jvm/jdk-8-oracle-arm32-vfp-hflt/jre
16-May-2017 21:17:16.224 INFO [main] org.apache.catalina.startup.VersionLoggerListener.log JVM Version:           1.8.0_65-b17
16-May-2017 21:17:16.226 INFO [main] org.apache.catalina.startup.VersionLoggerListener.log JVM Vendor:            Oracle Corporation
16-May-2017 21:17:16.227 INFO [main] org.apache.catalina.startup.VersionLoggerListener.log CATALINA_BASE:         /home/pi/apache-tomcat-8.5.14
16-May-2017 21:17:16.229 INFO [main] org.apache.catalina.startup.VersionLoggerListener.log CATALINA_HOME:         /home/pi/apache-tomcat-8.5.14
16-May-2017 21:17:16.232 INFO [main] org.apache.catalina.startup.VersionLoggerListener.log Command line argument: -Djava.util.logging.config.file=/home/pi/apache-tomcat-8.5.14/conf/logging.properties
16-May-2017 21:17:16.235 INFO [main] org.apache.catalina.startup.VersionLoggerListener.log Command line argument: -Djava.util.logging.manager=org.apache.juli.ClassLoaderLogManager
16-May-2017 21:17:16.236 INFO [main] org.apache.catalina.startup.VersionLoggerListener.log Command line argument: -Djdk.tls.ephemeralDHKeySize=2048
16-May-2017 21:17:16.236 INFO [main] org.apache.catalina.startup.VersionLoggerListener.log Command line argument: -Djava.protocol.handler.pkgs=org.apache.catalina.webresources
16-May-2017 21:17:16.237 INFO [main] org.apache.catalina.startup.VersionLoggerListener.log Command line argument: -Dcatalina.base=/home/pi/apache-tomcat-8.5.14
16-May-2017 21:17:16.237 INFO [main] org.apache.catalina.startup.VersionLoggerListener.log Command line argument: -Dcatalina.home=/home/pi/apache-tomcat-8.5.14
16-May-2017 21:17:16.238 INFO [main] org.apache.catalina.startup.VersionLoggerListener.log Command line argument: -Djava.io.tmpdir=/home/pi/apache-tomcat-8.5.14/temp
16-May-2017 21:17:16.239 INFO [main] org.apache.catalina.core.AprLifecycleListener.lifecycleEvent The APR based Apache Tomcat Native library which allows optimal performance in production environments was not found on the java.library.path: /usr/java/packages/lib/arm:/lib:/usr/lib
16-May-2017 21:17:17.052 INFO [main] org.apache.coyote.AbstractProtocol.init Initializing ProtocolHandler ["http-nio-8080"]
16-May-2017 21:17:17.151 INFO [main] org.apache.tomcat.util.net.NioSelectorPool.getSharedSelector Using a shared selector for servlet write/read
16-May-2017 21:17:17.163 INFO [main] org.apache.coyote.AbstractProtocol.init Initializing ProtocolHandler ["ajp-nio-8009"]
16-May-2017 21:17:17.169 INFO [main] org.apache.tomcat.util.net.NioSelectorPool.getSharedSelector Using a shared selector for servlet write/read
16-May-2017 21:17:17.170 INFO [main] org.apache.catalina.startup.Catalina.load Initialization processed in 4980 ms
16-May-2017 21:17:17.335 INFO [main] org.apache.catalina.core.StandardService.startInternal Starting service Catalina
16-May-2017 21:17:17.335 INFO [main] org.apache.catalina.core.StandardEngine.startInternal Starting Servlet Engine: Apache Tomcat/8.5.14
16-May-2017 21:17:17.471 INFO [localhost-startStop-1] org.apache.catalina.startup.HostConfig.deployWAR Deploying web application archive /home/pi/apache-tomcat-8.5.14/webapps/sample.war
