/home/pi/NameBadge/allBlink.py
/home/pi/NameBadge/NameBadge3.py
/home/pi/sensehatexamples/examples/python-sense-hat/space_invader.py
/home/pi/sensehatexamples/examples/python-sense-hat/text_scroll.py
/home/pi/sensehatexamples/examples/python-sense-hat/rotation.py
/home/pi/sensehatexamples/examples/python-sense-hat/rainbow.py
/home/pi/sensehatexamples/examples/python-sense-hat/compass.py
/home/pi/sensehatexamples/examples/python-sense-hat/pygame_joystick.py
/home/pi/sensehatexamples/examples/python-sense-hat/colour_cycle.py
/home/pi/NameBadge/NameBadge2.py
/home/pi/testfortune.py
/home/pi/NameBadge/NameBadge.py
/home/pi/step2.py
/home/pi/step3.py
/home/pi/step4.py
/home/pi/insertToTemps.py
/home/pi/step1.py
/home/pi/step5.py
/home/pi/sensor_menu-2017-04-28-04-16-13.py
/home/pi/accel.py
/home/pi/env.py
