** Message: environement.vala:58: Exporting primary_variable
** Message: environement.vala:59: desktop_environnement XDG_CURRENT_DESKTOP
** Message: environement.vala:149: confir_dirs is null, export : /etc/xdg
** Message: environement.vala:183: Exporting XDG_CONFIG_DIRS
** Message: environement.vala:217: custom_data :
** Message: environement.vala:218: data_dirs :/usr/local/share:/usr/share/raspi-ui-overrides:/usr/share:/usr/share/gdm:/var/lib/menu-xdg
** Message: environement.vala:219: data_dirs not null, export : /usr/local/share:/usr/share/raspi-ui-overrides:/usr/share:/usr/share/gdm:/var/lib/menu-xdg
** Message: environement.vala:224: Exporting XDG_DATA_DIRS
** Message: utils.vala:68: User config used : /home/pi/.config/lxsession/LXDE-pi/desktop.conf
** Message: utils.vala:89: Final file used : /home/pi/.config/lxsession/LXDE-pi/desktop.conf
** Message: settings.vala:527: Key file does not have key 'iGtk/ColorScheme' in group 'GTK'
** Message: settings.vala:527: Key file does not have key 'windows_manager/command' in group 'Session'
** Message: settings.vala:527: Key file does not have key 'panel/command' in group 'Session'
** Message: settings.vala:527: Key file does not have key 'dock/command' in group 'Session'
** Message: settings.vala:527: Key file does not have key 'file_manager/command' in group 'Session'
** Message: settings.vala:527: Key file does not have key 'desktop_manager/command' in group 'Session'
** Message: settings.vala:527: Key file does not have key 'launcher_manager/autostart' in group 'Session'
** Message: settings.vala:527: Key file does not have key 'composite_manager/command' in group 'Session'
** Message: settings.vala:527: Key file does not have key 'im1/command' in group 'Session'
** Message: settings.vala:527: Key file does not have key 'im2/command' in group 'Session'
** Message: settings.vala:527: Key file does not have key 'widget1/command' in group 'Session'
** Message: settings.vala:527: Key file does not have key 'notification/command' in group 'Session'
** Message: settings.vala:527: Key file does not have key 'keybindings/command' in group 'Session'
** Message: settings.vala:527: Key file does not have key 'screensaver/command' in group 'Session'
** Message: settings.vala:527: Key file does not have key 'power_manager/command' in group 'Session'
** Message: settings.vala:527: Key file does not have key 'audio_manager/command' in group 'Session'
** Message: settings.vala:527: Key file does not have key 'workspace_manager/command' in group 'Session'
** Message: settings.vala:527: Key file does not have key 'screenshot_manager/command' in group 'Session'
** Message: settings.vala:527: Key file does not have key 'message_manager/command' in group 'Session'
** Message: settings.vala:527: Key file does not have key 'upgrade_manager/command' in group 'Session'
** Message: settings.vala:527: Key file does not have key 'upstart_user_session' in group 'Session'
** Message: settings.vala:527: Key file does not have key 'proxy_manager/http' in group 'Session'
** Message: settings.vala:527: Key file does not have key 'a11y/command' in group 'Session'
** Message: settings.vala:527: Key file does not have key 'xrandr/command' in group 'Session'
** Message: settings.vala:527: Key file does not have key 'network_gui/command' in group 'Session'
** Message: settings.vala:527: Key file does not have key 'webbrowser/command' in group 'Session'
** Message: settings.vala:527: Key file does not have key 'email/command' in group 'Session'
** Message: settings.vala:527: Key file does not have key 'pdf_reader/command' in group 'Session'
** Message: settings.vala:527: Key file does not have key 'video_player/command' in group 'Session'
** Message: settings.vala:527: Key file does not have key 'audio_player/command' in group 'Session'
** Message: settings.vala:527: Key file does not have key 'images_display/command' in group 'Session'
** Message: settings.vala:527: Key file does not have key 'text_editor/command' in group 'Session'
** Message: settings.vala:527: Key file does not have key 'archive/command' in group 'Session'
** Message: settings.vala:527: Key file does not have key 'charmap/command' in group 'Session'
** Message: settings.vala:527: Key file does not have key 'calculator/command' in group 'Session'
** Message: settings.vala:527: Key file does not have key 'spreadsheet/command' in group 'Session'
** Message: settings.vala:527: Key file does not have key 'bittorent/command' in group 'Session'
** Message: settings.vala:527: Key file does not have key 'document/command' in group 'Session'
** Message: settings.vala:527: Key file does not have key 'webcam/command' in group 'Session'
** Message: settings.vala:527: Key file does not have key 'burn/command' in group 'Session'
** Message: settings.vala:527: Key file does not have key 'notes/command' in group 'Session'
** Message: settings.vala:527: Key file does not have key 'disk_utility/command' in group 'Session'
** Message: settings.vala:527: Key file does not have key 'tasks/command' in group 'Session'
** Message: settings.vala:527: Key file does not have key 'model' in group 'Keymap'
** Message: settings.vala:527: Key file does not have key 'laptop_mode' in group 'State'
** Message: settings.vala:527: Key file does not have key 'gnome' in group 'Dbus'
** Message: settings.vala:527: Key file does not have group 'Updates'
** Message: settings.vala:527: Key file does not have key 'type' in group 'Environment'
** Message: settings.vala:449: Monitoring: /home/pi/.config/lxsession/LXDE-pi/desktop.conf
** Message: settings.vala:453: Desktop file is already in config home, do nothing
** Message: environement.vala:79: Exporting variable
** Message: environement.vala:80: desktop_environnement XDG_CURRENT_DESKTOP
** Message: environement.vala:176: custom_config :
** Message: environement.vala:177: config_dirs :/etc/xdg
** Message: environement.vala:178: confir_dirs not null, export : /etc/xdg
** Message: environement.vala:183: Exporting XDG_CONFIG_DIRS
** Message: environement.vala:217: custom_data :
** Message: environement.vala:218: data_dirs :/usr/local/share:/usr/share/raspi-ui-overrides:/usr/share:/usr/share/gdm:/var/lib/menu-xdg
** Message: environement.vala:219: data_dirs not null, export : /usr/local/share:/usr/share/raspi-ui-overrides:/usr/share:/usr/share/gdm:/var/lib/menu-xdg
** Message: environement.vala:224: Exporting XDG_DATA_DIRS
** Message: utils.vala:79: Config system location : /etc/xdg/lxsession/LXDE-pi
** Message: utils.vala:85: System system path location : /etc/xdg/lxsession/LXDE-pi/conffiles.conf
** Message: utils.vala:89: Final file used : /etc/xdg/lxsession/LXDE-pi/conffiles.conf
xprop:  no such property "_NET_NUMBER_OF_DESKTOPS"
xprop:  no such property "_NET_DESKTOP_NAMES"
** Message: options.vala:164: Activate xsettings_manager build-in
** Message: utils.vala:68: User config used : /home/pi/.config/lxsession/LXDE-pi/desktop.conf
** Message: utils.vala:89: Final file used : /home/pi/.config/lxsession/LXDE-pi/desktop.conf
** Message: app.vala:717: polkit separate
** Message: app.vala:717: polkit separate
** Message: app.vala:76: Launching lxpolkit 
** Message: utils.vala:68: User config used : /home/pi/.config/lxsession/LXDE-pi/autostart
** Message: utils.vala:89: Final file used : /home/pi/.config/lxsession/LXDE-pi/autostart
** Message: autostart.vala:42: Autostart path : /home/pi/.config/lxsession/LXDE-pi/autostart
** Message: app.vala:76: Launching lxpanel 
** Message: app.vala:76: Launching pcmanfm 

** (lxsession:1237): WARNING **: app.vala:86: Failed to execute child process "xscreensaver" (No such file or directory)

** (lxsession:1237): WARNING **: app.vala:87: Error when launching xscreensaver
** Message: app.vala:76: Launching point-rpi 
** Message: options.vala:107: Create build-in Clipboard
** Message: main.vala:429: Check keymap_mode user
** Message: main.vala:432: Create Option Keymap
** Message: options.vala:80: Show keymap variant : 
** Message: options.vala:87: Show keymap options : 
** Message: options.vala:93: Keymap options - return user command setxkbmap -layout us -variant  -options  
** Message: options.vala:44: Options - Launch command setxkbmap -layout us -variant  -options  
Error!   Option "-options" not recognized
** Message: app.vala:76: Launching /usr/bin/ssh-agent 
SSH_AUTH_SOCK=/tmp/ssh-sYpgvfFkSt3J/agent.1497; export SSH_AUTH_SOCK;
SSH_AGENT_PID=1499; export SSH_AGENT_PID;
echo Agent pid 1499;
lxkeymap found
** Message: app.vala:130: point-rpi exit with this type of exit: 0
** Message: app.vala:139: Exit normal, don't reload
** Message: app.vala:130: /usr/bin/ssh-agent exit with this type of exit: 0
** Message: x-terminal-emulator has very limited support, consider choose another terminal
** Message: x-terminal-emulator has very limited support, consider choose another terminal
Openbox-Message: Unable to find a valid menu file "/usr/share/lxde/openbox/menu.xml"
/usr/lib/python2.7/dist-packages/lxkeymap/helpers.py:46: GtkWarning: Unknown property: GtkMenu.ubuntu-local
  builder.add_from_file(ui_filename)
/usr/lib/python2.7/dist-packages/lxkeymap/helpers.py:46: GtkWarning: GtkAlignment does not have a property called expand
  builder.add_from_file(ui_filename)
/usr/lib/python2.7/dist-packages/lxkeymap/helpers.py:46: GtkWarning: GtkAlignment does not have a property called fill
  builder.add_from_file(ui_filename)
/usr/lib/python2.7/dist-packages/lxkeymap/helpers.py:46: GtkWarning: GtkAlignment does not have a property called position
  builder.add_from_file(ui_filename)
Sections: ['Global']
Layouts: ['us']
Variants: ['']
Options: []
['Global']
Lxkeymap autostart running...
** Message: bt: Name org.bluez owned on DBus
** Message: bt: New agent manager found
** Message: bt: New adapter found
** Message: va: Name org.bluez owned on DBus
** Message: va: Stopping PulseAudio
lxterminal
lxterminal
guake
Traceback (most recent call last):
  File "/usr/bin/guake", line 1429, in <module>
    if not main():
  File "/usr/bin/guake", line 1373, in main
    instance = Guake()
  File "/usr/bin/guake", line 660, in __init__
    notification.show()
glib.GError: GDBus.Error:org.freedesktop.DBus.Error.ServiceUnknown: The name org.freedesktop.Notifications was not provided by any .service files

(pcmanfm:1490): Pango-WARNING **: failed to create cairo scaled font, expect ugly output. the offending font is 'Droid Sans Mono 6'

(pcmanfm:1490): Pango-WARNING **: font_face status is: file not found

(pcmanfm:1490): Pango-WARNING **: scaled_font status is: file not found
pcmanfm: Fatal IO error 11 (Resource temporarily unavailable) on X server :0.
XIO:  fatal IO error 11 (Resource temporarily unavailable) on X server ":0"
      after 25323 requests (25323 known processed) with 0 events remaining.
